[19/Nov/2021 23:47:48] DEBUG [django.template:873] Exception while resolving variable 'name' in template 'unknown'.
Traceback (most recent call last):
  File "C:\Users\user\PycharmProjects\Industry_Academy\venv\lib\site-packages\django\core\handlers\exception.py", line 47, in inner
    response = get_response(request)
  File "C:\Users\user\PycharmProjects\Industry_Academy\venv\lib\site-packages\django\core\handlers\base.py", line 167, in _get_response
    callback, callback_args, callback_kwargs = self.resolve_request(request)
  File "C:\Users\user\PycharmProjects\Industry_Academy\venv\lib\site-packages\django\core\handlers\base.py", line 290, in resolve_request
    resolver_match = resolver.resolve(request.path_info)
  File "C:\Users\user\PycharmProjects\Industry_Academy\venv\lib\site-packages\django\urls\resolvers.py", line 585, in resolve
    raise Resolver404({'tried': tried, 'path': new_path})
django.urls.exceptions.Resolver404: {'tried': [[<URLResolver <URLPattern list> (admin:admin) 'admin/'>], [<URLPattern 'logout/' [name='logout']>], [<URLPattern 'change_password/' [name='change_password']>], [<URLPattern '^media\/(?P<path>.*)$'>]], 'path': ''}

During handling of the above exception, another exception occurred:

Traceback (most recent call last):
  File "C:\Users\user\PycharmProjects\Industry_Academy\venv\lib\site-packages\django\template\base.py", line 829, in _resolve_lookup
    current = current[bit]
TypeError: 'URLResolver' object is not subscriptable

During handling of the above exception, another exception occurred:

Traceback (most recent call last):
  File "C:\Users\user\PycharmProjects\Industry_Academy\venv\lib\site-packages\django\template\base.py", line 837, in _resolve_lookup
    current = getattr(current, bit)
AttributeError: 'URLResolver' object has no attribute 'name'

During handling of the above exception, another exception occurred:

Traceback (most recent call last):
  File "C:\Users\user\PycharmProjects\Industry_Academy\venv\lib\site-packages\django\template\base.py", line 843, in _resolve_lookup
    current = current[int(bit)]
ValueError: invalid literal for int() with base 10: 'name'

During handling of the above exception, another exception occurred:

Traceback (most recent call last):
  File "C:\Users\user\PycharmProjects\Industry_Academy\venv\lib\site-packages\django\template\base.py", line 850, in _resolve_lookup
    (bit, current))  # missing attribute
django.template.base.VariableDoesNotExist: Failed lookup for key [name] in <URLResolver <URLPattern list> (admin:admin) 'admin/'>
[20/Nov/2021 10:00:06] DEBUG [django.template:873] Exception while resolving variable 'name' in template 'unknown'.
Traceback (most recent call last):
  File "C:\Users\user\PycharmProjects\Industry_Academy\venv\lib\site-packages\django\core\handlers\exception.py", line 47, in inner
    response = get_response(request)
  File "C:\Users\user\PycharmProjects\Industry_Academy\venv\lib\site-packages\django\core\handlers\base.py", line 167, in _get_response
    callback, callback_args, callback_kwargs = self.resolve_request(request)
  File "C:\Users\user\PycharmProjects\Industry_Academy\venv\lib\site-packages\django\core\handlers\base.py", line 290, in resolve_request
    resolver_match = resolver.resolve(request.path_info)
  File "C:\Users\user\PycharmProjects\Industry_Academy\venv\lib\site-packages\django\urls\resolvers.py", line 585, in resolve
    raise Resolver404({'tried': tried, 'path': new_path})
django.urls.exceptions.Resolver404: {'tried': [[<URLResolver <URLPattern list> (admin:admin) 'admin/'>], [<URLPattern 'logout/' [name='logout']>], [<URLPattern 'change_password/' [name='change_password']>], [<URLPattern '^media\/(?P<path>.*)$'>]], 'path': ''}

During handling of the above exception, another exception occurred:

Traceback (most recent call last):
  File "C:\Users\user\PycharmProjects\Industry_Academy\venv\lib\site-packages\django\template\base.py", line 829, in _resolve_lookup
    current = current[bit]
TypeError: 'URLResolver' object is not subscriptable

During handling of the above exception, another exception occurred:

Traceback (most recent call last):
  File "C:\Users\user\PycharmProjects\Industry_Academy\venv\lib\site-packages\django\template\base.py", line 837, in _resolve_lookup
    current = getattr(current, bit)
AttributeError: 'URLResolver' object has no attribute 'name'

During handling of the above exception, another exception occurred:

Traceback (most recent call last):
  File "C:\Users\user\PycharmProjects\Industry_Academy\venv\lib\site-packages\django\template\base.py", line 843, in _resolve_lookup
    current = current[int(bit)]
ValueError: invalid literal for int() with base 10: 'name'

During handling of the above exception, another exception occurred:

Traceback (most recent call last):
  File "C:\Users\user\PycharmProjects\Industry_Academy\venv\lib\site-packages\django\template\base.py", line 850, in _resolve_lookup
    (bit, current))  # missing attribute
django.template.base.VariableDoesNotExist: Failed lookup for key [name] in <URLResolver <URLPattern list> (admin:admin) 'admin/'>
[20/Nov/2021 10:00:06] DEBUG [django.template:873] Exception while resolving variable 'name' in template 'unknown'.
Traceback (most recent call last):
  File "C:\Users\user\PycharmProjects\Industry_Academy\venv\lib\site-packages\django\core\handlers\exception.py", line 47, in inner
    response = get_response(request)
  File "C:\Users\user\PycharmProjects\Industry_Academy\venv\lib\site-packages\django\core\handlers\base.py", line 167, in _get_response
    callback, callback_args, callback_kwargs = self.resolve_request(request)
  File "C:\Users\user\PycharmProjects\Industry_Academy\venv\lib\site-packages\django\core\handlers\base.py", line 290, in resolve_request
    resolver_match = resolver.resolve(request.path_info)
  File "C:\Users\user\PycharmProjects\Industry_Academy\venv\lib\site-packages\django\urls\resolvers.py", line 585, in resolve
    raise Resolver404({'tried': tried, 'path': new_path})
django.urls.exceptions.Resolver404: {'tried': [[<URLResolver <URLPattern list> (admin:admin) 'admin/'>], [<URLPattern 'logout/' [name='logout']>], [<URLPattern 'change_password/' [name='change_password']>], [<URLPattern '^media\/(?P<path>.*)$'>]], 'path': 'favicon.ico'}

During handling of the above exception, another exception occurred:

Traceback (most recent call last):
  File "C:\Users\user\PycharmProjects\Industry_Academy\venv\lib\site-packages\django\template\base.py", line 829, in _resolve_lookup
    current = current[bit]
TypeError: 'URLResolver' object is not subscriptable

During handling of the above exception, another exception occurred:

Traceback (most recent call last):
  File "C:\Users\user\PycharmProjects\Industry_Academy\venv\lib\site-packages\django\template\base.py", line 837, in _resolve_lookup
    current = getattr(current, bit)
AttributeError: 'URLResolver' object has no attribute 'name'

During handling of the above exception, another exception occurred:

Traceback (most recent call last):
  File "C:\Users\user\PycharmProjects\Industry_Academy\venv\lib\site-packages\django\template\base.py", line 843, in _resolve_lookup
    current = current[int(bit)]
ValueError: invalid literal for int() with base 10: 'name'

During handling of the above exception, another exception occurred:

Traceback (most recent call last):
  File "C:\Users\user\PycharmProjects\Industry_Academy\venv\lib\site-packages\django\template\base.py", line 850, in _resolve_lookup
    (bit, current))  # missing attribute
django.template.base.VariableDoesNotExist: Failed lookup for key [name] in <URLResolver <URLPattern list> (admin:admin) 'admin/'>
[20/Nov/2021 10:00:28] DEBUG [django.template:873] Exception while resolving variable 'subtitle' in template 'admin/login.html'.
Traceback (most recent call last):
  File "C:\Users\user\PycharmProjects\Industry_Academy\venv\lib\site-packages\django\template\base.py", line 829, in _resolve_lookup
    current = current[bit]
  File "C:\Users\user\PycharmProjects\Industry_Academy\venv\lib\site-packages\django\template\context.py", line 83, in __getitem__
    raise KeyError(key)
KeyError: 'subtitle'

During handling of the above exception, another exception occurred:

Traceback (most recent call last):
  File "C:\Users\user\PycharmProjects\Industry_Academy\venv\lib\site-packages\django\template\base.py", line 835, in _resolve_lookup
    if isinstance(current, BaseContext) and getattr(type(current), bit):
AttributeError: type object 'RequestContext' has no attribute 'subtitle'

During handling of the above exception, another exception occurred:

Traceback (most recent call last):
  File "C:\Users\user\PycharmProjects\Industry_Academy\venv\lib\site-packages\django\template\base.py", line 843, in _resolve_lookup
    current = current[int(bit)]
ValueError: invalid literal for int() with base 10: 'subtitle'

During handling of the above exception, another exception occurred:

Traceback (most recent call last):
  File "C:\Users\user\PycharmProjects\Industry_Academy\venv\lib\site-packages\django\template\base.py", line 850, in _resolve_lookup
    (bit, current))  # missing attribute
django.template.base.VariableDoesNotExist: Failed lookup for key [subtitle] in [{'True': True, 'False': False, 'None': None}, {'csrf_token': <SimpleLazyObject: <function csrf.<locals>._get_val at 0x000001FAACFCB0D0>>, 'request': <WSGIRequest: GET '/admin/login/?next=/admin/'>, 'user': <SimpleLazyObject: <django.contrib.auth.models.AnonymousUser object at 0x000001FAACF726D8>>, 'perms': <django.contrib.auth.context_processors.PermWrapper object at 0x000001FAAD9AE198>, 'messages': <django.contrib.messages.storage.fallback.FallbackStorage object at 0x000001FAACF72C88>, 'DEFAULT_MESSAGE_LEVELS': {'DEBUG': 10, 'INFO': 20, 'SUCCESS': 25, 'WARNING': 30, 'ERROR': 40}, 'MEDIA_URL': '/media/'}, {}, {'form': <AdminAuthenticationForm bound=False, valid=Unknown, fields=(username;password)>, 'view': <django.contrib.auth.views.LoginView object at 0x000001FAACF72588>, 'site_title': 'Django 網站管理', 'site_header': 'Django 管理', 'site_url': '/', 'has_permission': False, 'available_apps': [], 'is_popup': False, 'is_nav_sidebar_enabled': True, 'title': '登入', 'app_path': '/admin/login/?next=/admin/', 'username': '', 'next': '/admin/', 'site': <django.contrib.sites.requests.RequestSite object at 0x000001FAACF29CC0>, 'site_name': '127.0.0.1:8000', 'LANGUAGE_CODE': 'zh-Hant', 'LANGUAGE_BIDI': False}, {'block': <Block Node: title. Contents: [<IfNode>, <Variable Node: title>, <TextNode: ' | '>, <Variable Node: site_title|default:_('Django site admin')>]>}]
[20/Nov/2021 10:00:28] DEBUG [django.template:873] Exception while resolving variable 'subtitle' in template 'admin/login.html'.
Traceback (most recent call last):
  File "C:\Users\user\PycharmProjects\Industry_Academy\venv\lib\site-packages\django\template\base.py", line 829, in _resolve_lookup
    current = current[bit]
  File "C:\Users\user\PycharmProjects\Industry_Academy\venv\lib\site-packages\django\template\context.py", line 83, in __getitem__
    raise KeyError(key)
KeyError: 'subtitle'

During handling of the above exception, another exception occurred:

Traceback (most recent call last):
  File "C:\Users\user\PycharmProjects\Industry_Academy\venv\lib\site-packages\django\template\base.py", line 835, in _resolve_lookup
    if isinstance(current, BaseContext) and getattr(type(current), bit):
AttributeError: type object 'RequestContext' has no attribute 'subtitle'

During handling of the above exception, another exception occurred:

Traceback (most recent call last):
  File "C:\Users\user\PycharmProjects\Industry_Academy\venv\lib\site-packages\django\template\base.py", line 843, in _resolve_lookup
    current = current[int(bit)]
ValueError: invalid literal for int() with base 10: 'subtitle'

During handling of the above exception, another exception occurred:

Traceback (most recent call last):
  File "C:\Users\user\PycharmProjects\Industry_Academy\venv\lib\site-packages\django\template\base.py", line 850, in _resolve_lookup
    (bit, current))  # missing attribute
django.template.base.VariableDoesNotExist: Failed lookup for key [subtitle] in [{'True': True, 'False': False, 'None': None}, {'csrf_token': <SimpleLazyObject: <function csrf.<locals>._get_val at 0x000001FAACFCB0D0>>, 'request': <WSGIRequest: GET '/admin/login/?next=/admin/'>, 'user': <SimpleLazyObject: <django.contrib.auth.models.AnonymousUser object at 0x000001FAACF726D8>>, 'perms': <django.contrib.auth.context_processors.PermWrapper object at 0x000001FAAD9AE198>, 'messages': <django.contrib.messages.storage.fallback.FallbackStorage object at 0x000001FAACF72C88>, 'DEFAULT_MESSAGE_LEVELS': {'DEBUG': 10, 'INFO': 20, 'SUCCESS': 25, 'WARNING': 30, 'ERROR': 40}, 'MEDIA_URL': '/media/'}, {}, {'form': <AdminAuthenticationForm bound=False, valid=Unknown, fields=(username;password)>, 'view': <django.contrib.auth.views.LoginView object at 0x000001FAACF72588>, 'site_title': 'Django 網站管理', 'site_header': 'Django 管理', 'site_url': '/', 'has_permission': False, 'available_apps': [], 'is_popup': False, 'is_nav_sidebar_enabled': True, 'title': '登入', 'app_path': '/admin/login/?next=/admin/', 'username': '', 'next': '/admin/', 'site': <django.contrib.sites.requests.RequestSite object at 0x000001FAACF29CC0>, 'site_name': '127.0.0.1:8000', 'LANGUAGE_CODE': 'zh-Hant', 'LANGUAGE_BIDI': False}, {'block': <Block Node: content_subtitle. Contents: [<IfNode>]>}]
[20/Nov/2021 10:01:02] DEBUG [django.template:873] Exception while resolving variable 'subtitle' in template 'admin/login.html'.
Traceback (most recent call last):
  File "C:\Users\user\PycharmProjects\Industry_Academy\venv\lib\site-packages\django\template\base.py", line 829, in _resolve_lookup
    current = current[bit]
  File "C:\Users\user\PycharmProjects\Industry_Academy\venv\lib\site-packages\django\template\context.py", line 83, in __getitem__
    raise KeyError(key)
KeyError: 'subtitle'

During handling of the above exception, another exception occurred:

Traceback (most recent call last):
  File "C:\Users\user\PycharmProjects\Industry_Academy\venv\lib\site-packages\django\template\base.py", line 835, in _resolve_lookup
    if isinstance(current, BaseContext) and getattr(type(current), bit):
AttributeError: type object 'RequestContext' has no attribute 'subtitle'

During handling of the above exception, another exception occurred:

Traceback (most recent call last):
  File "C:\Users\user\PycharmProjects\Industry_Academy\venv\lib\site-packages\django\template\base.py", line 843, in _resolve_lookup
    current = current[int(bit)]
ValueError: invalid literal for int() with base 10: 'subtitle'

During handling of the above exception, another exception occurred:

Traceback (most recent call last):
  File "C:\Users\user\PycharmProjects\Industry_Academy\venv\lib\site-packages\django\template\base.py", line 850, in _resolve_lookup
    (bit, current))  # missing attribute
django.template.base.VariableDoesNotExist: Failed lookup for key [subtitle] in [{'True': True, 'False': False, 'None': None}, {'csrf_token': <SimpleLazyObject: <function csrf.<locals>._get_val at 0x000001FAAC28DA60>>, 'request': <WSGIRequest: POST '/admin/login/?next=/admin/'>, 'user': <SimpleLazyObject: <django.contrib.auth.models.AnonymousUser object at 0x000001FAACF48DD8>>, 'perms': <django.contrib.auth.context_processors.PermWrapper object at 0x000001FAACF8F0B8>, 'messages': <django.contrib.messages.storage.fallback.FallbackStorage object at 0x000001FAAD112278>, 'DEFAULT_MESSAGE_LEVELS': {'DEBUG': 10, 'INFO': 20, 'SUCCESS': 25, 'WARNING': 30, 'ERROR': 40}, 'MEDIA_URL': '/media/'}, {}, {'form': <AdminAuthenticationForm bound=True, valid=False, fields=(username;password)>, 'view': <django.contrib.auth.views.LoginView object at 0x000001FAAD112358>, 'site_title': 'Django 網站管理', 'site_header': 'Django 管理', 'site_url': '/', 'has_permission': False, 'available_apps': [], 'is_popup': False, 'is_nav_sidebar_enabled': True, 'title': '登入', 'app_path': '/admin/login/?next=/admin/', 'username': '', 'next': '/admin/', 'site': <django.contrib.sites.requests.RequestSite object at 0x000001FAAC8C89B0>, 'site_name': '127.0.0.1:8000', 'LANGUAGE_CODE': 'zh-Hant', 'LANGUAGE_BIDI': False}, {'block': <Block Node: title. Contents: [<IfNode>, <Variable Node: title>, <TextNode: ' | '>, <Variable Node: site_title|default:_('Django site admin')>]>}]
[20/Nov/2021 10:01:02] DEBUG [django.template:873] Exception while resolving variable 'subtitle' in template 'admin/login.html'.
Traceback (most recent call last):
  File "C:\Users\user\PycharmProjects\Industry_Academy\venv\lib\site-packages\django\template\base.py", line 829, in _resolve_lookup
    current = current[bit]
  File "C:\Users\user\PycharmProjects\Industry_Academy\venv\lib\site-packages\django\template\context.py", line 83, in __getitem__
    raise KeyError(key)
KeyError: 'subtitle'

During handling of the above exception, another exception occurred:

Traceback (most recent call last):
  File "C:\Users\user\PycharmProjects\Industry_Academy\venv\lib\site-packages\django\template\base.py", line 835, in _resolve_lookup
    if isinstance(current, BaseContext) and getattr(type(current), bit):
AttributeError: type object 'RequestContext' has no attribute 'subtitle'

During handling of the above exception, another exception occurred:

Traceback (most recent call last):
  File "C:\Users\user\PycharmProjects\Industry_Academy\venv\lib\site-packages\django\template\base.py", line 843, in _resolve_lookup
    current = current[int(bit)]
ValueError: invalid literal for int() with base 10: 'subtitle'

During handling of the above exception, another exception occurred:

Traceback (most recent call last):
  File "C:\Users\user\PycharmProjects\Industry_Academy\venv\lib\site-packages\django\template\base.py", line 850, in _resolve_lookup
    (bit, current))  # missing attribute
django.template.base.VariableDoesNotExist: Failed lookup for key [subtitle] in [{'True': True, 'False': False, 'None': None}, {'csrf_token': <SimpleLazyObject: <function csrf.<locals>._get_val at 0x000001FAAC28DA60>>, 'request': <WSGIRequest: POST '/admin/login/?next=/admin/'>, 'user': <SimpleLazyObject: <django.contrib.auth.models.AnonymousUser object at 0x000001FAACF48DD8>>, 'perms': <django.contrib.auth.context_processors.PermWrapper object at 0x000001FAACF8F0B8>, 'messages': <django.contrib.messages.storage.fallback.FallbackStorage object at 0x000001FAAD112278>, 'DEFAULT_MESSAGE_LEVELS': {'DEBUG': 10, 'INFO': 20, 'SUCCESS': 25, 'WARNING': 30, 'ERROR': 40}, 'MEDIA_URL': '/media/'}, {}, {'form': <AdminAuthenticationForm bound=True, valid=False, fields=(username;password)>, 'view': <django.contrib.auth.views.LoginView object at 0x000001FAAD112358>, 'site_title': 'Django 網站管理', 'site_header': 'Django 管理', 'site_url': '/', 'has_permission': False, 'available_apps': [], 'is_popup': False, 'is_nav_sidebar_enabled': True, 'title': '登入', 'app_path': '/admin/login/?next=/admin/', 'username': '', 'next': '/admin/', 'site': <django.contrib.sites.requests.RequestSite object at 0x000001FAAC8C89B0>, 'site_name': '127.0.0.1:8000', 'LANGUAGE_CODE': 'zh-Hant', 'LANGUAGE_BIDI': False}, {'block': <Block Node: content_subtitle. Contents: [<IfNode>]>}]
[20/Nov/2021 10:01:10] DEBUG [django.template:873] Exception while resolving variable 'subtitle' in template 'admin/login.html'.
Traceback (most recent call last):
  File "C:\Users\user\PycharmProjects\Industry_Academy\venv\lib\site-packages\django\template\base.py", line 829, in _resolve_lookup
    current = current[bit]
  File "C:\Users\user\PycharmProjects\Industry_Academy\venv\lib\site-packages\django\template\context.py", line 83, in __getitem__
    raise KeyError(key)
KeyError: 'subtitle'

During handling of the above exception, another exception occurred:

Traceback (most recent call last):
  File "C:\Users\user\PycharmProjects\Industry_Academy\venv\lib\site-packages\django\template\base.py", line 835, in _resolve_lookup
    if isinstance(current, BaseContext) and getattr(type(current), bit):
AttributeError: type object 'RequestContext' has no attribute 'subtitle'

During handling of the above exception, another exception occurred:

Traceback (most recent call last):
  File "C:\Users\user\PycharmProjects\Industry_Academy\venv\lib\site-packages\django\template\base.py", line 843, in _resolve_lookup
    current = current[int(bit)]
ValueError: invalid literal for int() with base 10: 'subtitle'

During handling of the above exception, another exception occurred:

Traceback (most recent call last):
  File "C:\Users\user\PycharmProjects\Industry_Academy\venv\lib\site-packages\django\template\base.py", line 850, in _resolve_lookup
    (bit, current))  # missing attribute
django.template.base.VariableDoesNotExist: Failed lookup for key [subtitle] in [{'True': True, 'False': False, 'None': None}, {'csrf_token': <SimpleLazyObject: <function csrf.<locals>._get_val at 0x000001FAAC28D6A8>>, 'request': <WSGIRequest: POST '/admin/login/?next=/admin/'>, 'user': <SimpleLazyObject: <django.contrib.auth.models.AnonymousUser object at 0x000001FAACF60EF0>>, 'perms': <django.contrib.auth.context_processors.PermWrapper object at 0x000001FAACFC2320>, 'messages': <django.contrib.messages.storage.fallback.FallbackStorage object at 0x000001FAACF416A0>, 'DEFAULT_MESSAGE_LEVELS': {'DEBUG': 10, 'INFO': 20, 'SUCCESS': 25, 'WARNING': 30, 'ERROR': 40}, 'MEDIA_URL': '/media/'}, {}, {'form': <AdminAuthenticationForm bound=True, valid=False, fields=(username;password)>, 'view': <django.contrib.auth.views.LoginView object at 0x000001FAACF089B0>, 'site_title': 'Django 網站管理', 'site_header': 'Django 管理', 'site_url': '/', 'has_permission': False, 'available_apps': [], 'is_popup': False, 'is_nav_sidebar_enabled': True, 'title': '登入', 'app_path': '/admin/login/?next=/admin/', 'username': '', 'next': '/admin/', 'site': <django.contrib.sites.requests.RequestSite object at 0x000001FAACF3E2E8>, 'site_name': '127.0.0.1:8000', 'LANGUAGE_CODE': 'zh-Hant', 'LANGUAGE_BIDI': False}, {'block': <Block Node: title. Contents: [<IfNode>, <Variable Node: title>, <TextNode: ' | '>, <Variable Node: site_title|default:_('Django site admin')>]>}]
[20/Nov/2021 10:01:10] DEBUG [django.template:873] Exception while resolving variable 'subtitle' in template 'admin/login.html'.
Traceback (most recent call last):
  File "C:\Users\user\PycharmProjects\Industry_Academy\venv\lib\site-packages\django\template\base.py", line 829, in _resolve_lookup
    current = current[bit]
  File "C:\Users\user\PycharmProjects\Industry_Academy\venv\lib\site-packages\django\template\context.py", line 83, in __getitem__
    raise KeyError(key)
KeyError: 'subtitle'

During handling of the above exception, another exception occurred:

Traceback (most recent call last):
  File "C:\Users\user\PycharmProjects\Industry_Academy\venv\lib\site-packages\django\template\base.py", line 835, in _resolve_lookup
    if isinstance(current, BaseContext) and getattr(type(current), bit):
AttributeError: type object 'RequestContext' has no attribute 'subtitle'

During handling of the above exception, another exception occurred:

Traceback (most recent call last):
  File "C:\Users\user\PycharmProjects\Industry_Academy\venv\lib\site-packages\django\template\base.py", line 843, in _resolve_lookup
    current = current[int(bit)]
ValueError: invalid literal for int() with base 10: 'subtitle'

During handling of the above exception, another exception occurred:

Traceback (most recent call last):
  File "C:\Users\user\PycharmProjects\Industry_Academy\venv\lib\site-packages\django\template\base.py", line 850, in _resolve_lookup
    (bit, current))  # missing attribute
django.template.base.VariableDoesNotExist: Failed lookup for key [subtitle] in [{'True': True, 'False': False, 'None': None}, {'csrf_token': <SimpleLazyObject: <function csrf.<locals>._get_val at 0x000001FAAC28D6A8>>, 'request': <WSGIRequest: POST '/admin/login/?next=/admin/'>, 'user': <SimpleLazyObject: <django.contrib.auth.models.AnonymousUser object at 0x000001FAACF60EF0>>, 'perms': <django.contrib.auth.context_processors.PermWrapper object at 0x000001FAACFC2320>, 'messages': <django.contrib.messages.storage.fallback.FallbackStorage object at 0x000001FAACF416A0>, 'DEFAULT_MESSAGE_LEVELS': {'DEBUG': 10, 'INFO': 20, 'SUCCESS': 25, 'WARNING': 30, 'ERROR': 40}, 'MEDIA_URL': '/media/'}, {}, {'form': <AdminAuthenticationForm bound=True, valid=False, fields=(username;password)>, 'view': <django.contrib.auth.views.LoginView object at 0x000001FAACF089B0>, 'site_title': 'Django 網站管理', 'site_header': 'Django 管理', 'site_url': '/', 'has_permission': False, 'available_apps': [], 'is_popup': False, 'is_nav_sidebar_enabled': True, 'title': '登入', 'app_path': '/admin/login/?next=/admin/', 'username': '', 'next': '/admin/', 'site': <django.contrib.sites.requests.RequestSite object at 0x000001FAACF3E2E8>, 'site_name': '127.0.0.1:8000', 'LANGUAGE_CODE': 'zh-Hant', 'LANGUAGE_BIDI': False}, {'block': <Block Node: content_subtitle. Contents: [<IfNode>]>}]
[20/Nov/2021 10:19:58] DEBUG [django.template:873] Exception while resolving variable 'name' in template 'unknown'.
Traceback (most recent call last):
  File "C:\Users\user\PycharmProjects\Industry_Academy\venv\lib\site-packages\django\core\handlers\exception.py", line 47, in inner
    response = get_response(request)
  File "C:\Users\user\PycharmProjects\Industry_Academy\venv\lib\site-packages\django\core\handlers\base.py", line 167, in _get_response
    callback, callback_args, callback_kwargs = self.resolve_request(request)
  File "C:\Users\user\PycharmProjects\Industry_Academy\venv\lib\site-packages\django\core\handlers\base.py", line 290, in resolve_request
    resolver_match = resolver.resolve(request.path_info)
  File "C:\Users\user\PycharmProjects\Industry_Academy\venv\lib\site-packages\django\urls\resolvers.py", line 585, in resolve
    raise Resolver404({'tried': tried, 'path': new_path})
django.urls.exceptions.Resolver404: {'tried': [[<URLResolver <URLPattern list> (admin:admin) 'admin/'>], [<URLPattern '' [name='index']>], [<URLPattern 'logout/' [name='logout']>], [<URLPattern 'change_password/' [name='change_password']>], [<URLPattern '^media\/(?P<path>.*)$'>]], 'path': 'post'}

During handling of the above exception, another exception occurred:

Traceback (most recent call last):
  File "C:\Users\user\PycharmProjects\Industry_Academy\venv\lib\site-packages\django\template\base.py", line 829, in _resolve_lookup
    current = current[bit]
TypeError: 'URLResolver' object is not subscriptable

During handling of the above exception, another exception occurred:

Traceback (most recent call last):
  File "C:\Users\user\PycharmProjects\Industry_Academy\venv\lib\site-packages\django\template\base.py", line 837, in _resolve_lookup
    current = getattr(current, bit)
AttributeError: 'URLResolver' object has no attribute 'name'

During handling of the above exception, another exception occurred:

Traceback (most recent call last):
  File "C:\Users\user\PycharmProjects\Industry_Academy\venv\lib\site-packages\django\template\base.py", line 843, in _resolve_lookup
    current = current[int(bit)]
ValueError: invalid literal for int() with base 10: 'name'

During handling of the above exception, another exception occurred:

Traceback (most recent call last):
  File "C:\Users\user\PycharmProjects\Industry_Academy\venv\lib\site-packages\django\template\base.py", line 850, in _resolve_lookup
    (bit, current))  # missing attribute
django.template.base.VariableDoesNotExist: Failed lookup for key [name] in <URLResolver <URLPattern list> (admin:admin) 'admin/'>
[20/Nov/2021 10:20:00] DEBUG [django.template:873] Exception while resolving variable 'name' in template 'unknown'.
Traceback (most recent call last):
  File "C:\Users\user\PycharmProjects\Industry_Academy\venv\lib\site-packages\django\core\handlers\exception.py", line 47, in inner
    response = get_response(request)
  File "C:\Users\user\PycharmProjects\Industry_Academy\venv\lib\site-packages\django\core\handlers\base.py", line 167, in _get_response
    callback, callback_args, callback_kwargs = self.resolve_request(request)
  File "C:\Users\user\PycharmProjects\Industry_Academy\venv\lib\site-packages\django\core\handlers\base.py", line 290, in resolve_request
    resolver_match = resolver.resolve(request.path_info)
  File "C:\Users\user\PycharmProjects\Industry_Academy\venv\lib\site-packages\django\urls\resolvers.py", line 585, in resolve
    raise Resolver404({'tried': tried, 'path': new_path})
django.urls.exceptions.Resolver404: {'tried': [[<URLResolver <URLPattern list> (admin:admin) 'admin/'>], [<URLPattern '' [name='index']>], [<URLPattern 'logout/' [name='logout']>], [<URLPattern 'change_password/' [name='change_password']>], [<URLPattern '^media\/(?P<path>.*)$'>]], 'path': 'system'}

During handling of the above exception, another exception occurred:

Traceback (most recent call last):
  File "C:\Users\user\PycharmProjects\Industry_Academy\venv\lib\site-packages\django\template\base.py", line 829, in _resolve_lookup
    current = current[bit]
TypeError: 'URLResolver' object is not subscriptable

During handling of the above exception, another exception occurred:

Traceback (most recent call last):
  File "C:\Users\user\PycharmProjects\Industry_Academy\venv\lib\site-packages\django\template\base.py", line 837, in _resolve_lookup
    current = getattr(current, bit)
AttributeError: 'URLResolver' object has no attribute 'name'

During handling of the above exception, another exception occurred:

Traceback (most recent call last):
  File "C:\Users\user\PycharmProjects\Industry_Academy\venv\lib\site-packages\django\template\base.py", line 843, in _resolve_lookup
    current = current[int(bit)]
ValueError: invalid literal for int() with base 10: 'name'

During handling of the above exception, another exception occurred:

Traceback (most recent call last):
  File "C:\Users\user\PycharmProjects\Industry_Academy\venv\lib\site-packages\django\template\base.py", line 850, in _resolve_lookup
    (bit, current))  # missing attribute
django.template.base.VariableDoesNotExist: Failed lookup for key [name] in <URLResolver <URLPattern list> (admin:admin) 'admin/'>
[20/Nov/2021 10:20:03] DEBUG [django.template:873] Exception while resolving variable 'name' in template 'unknown'.
Traceback (most recent call last):
  File "C:\Users\user\PycharmProjects\Industry_Academy\venv\lib\site-packages\django\core\handlers\exception.py", line 47, in inner
    response = get_response(request)
  File "C:\Users\user\PycharmProjects\Industry_Academy\venv\lib\site-packages\django\core\handlers\base.py", line 167, in _get_response
    callback, callback_args, callback_kwargs = self.resolve_request(request)
  File "C:\Users\user\PycharmProjects\Industry_Academy\venv\lib\site-packages\django\core\handlers\base.py", line 290, in resolve_request
    resolver_match = resolver.resolve(request.path_info)
  File "C:\Users\user\PycharmProjects\Industry_Academy\venv\lib\site-packages\django\urls\resolvers.py", line 585, in resolve
    raise Resolver404({'tried': tried, 'path': new_path})
django.urls.exceptions.Resolver404: {'tried': [[<URLResolver <URLPattern list> (admin:admin) 'admin/'>], [<URLPattern '' [name='index']>], [<URLPattern 'logout/' [name='logout']>], [<URLPattern 'change_password/' [name='change_password']>], [<URLPattern '^media\/(?P<path>.*)$'>]], 'path': 'report'}

During handling of the above exception, another exception occurred:

Traceback (most recent call last):
  File "C:\Users\user\PycharmProjects\Industry_Academy\venv\lib\site-packages\django\template\base.py", line 829, in _resolve_lookup
    current = current[bit]
TypeError: 'URLResolver' object is not subscriptable

During handling of the above exception, another exception occurred:

Traceback (most recent call last):
  File "C:\Users\user\PycharmProjects\Industry_Academy\venv\lib\site-packages\django\template\base.py", line 837, in _resolve_lookup
    current = getattr(current, bit)
AttributeError: 'URLResolver' object has no attribute 'name'

During handling of the above exception, another exception occurred:

Traceback (most recent call last):
  File "C:\Users\user\PycharmProjects\Industry_Academy\venv\lib\site-packages\django\template\base.py", line 843, in _resolve_lookup
    current = current[int(bit)]
ValueError: invalid literal for int() with base 10: 'name'

During handling of the above exception, another exception occurred:

Traceback (most recent call last):
  File "C:\Users\user\PycharmProjects\Industry_Academy\venv\lib\site-packages\django\template\base.py", line 850, in _resolve_lookup
    (bit, current))  # missing attribute
django.template.base.VariableDoesNotExist: Failed lookup for key [name] in <URLResolver <URLPattern list> (admin:admin) 'admin/'>
[20/Nov/2021 10:20:06] DEBUG [django.template:873] Exception while resolving variable 'name' in template 'unknown'.
Traceback (most recent call last):
  File "C:\Users\user\PycharmProjects\Industry_Academy\venv\lib\site-packages\django\core\handlers\exception.py", line 47, in inner
    response = get_response(request)
  File "C:\Users\user\PycharmProjects\Industry_Academy\venv\lib\site-packages\django\core\handlers\base.py", line 167, in _get_response
    callback, callback_args, callback_kwargs = self.resolve_request(request)
  File "C:\Users\user\PycharmProjects\Industry_Academy\venv\lib\site-packages\django\core\handlers\base.py", line 290, in resolve_request
    resolver_match = resolver.resolve(request.path_info)
  File "C:\Users\user\PycharmProjects\Industry_Academy\venv\lib\site-packages\django\urls\resolvers.py", line 585, in resolve
    raise Resolver404({'tried': tried, 'path': new_path})
django.urls.exceptions.Resolver404: {'tried': [[<URLResolver <URLPattern list> (admin:admin) 'admin/'>], [<URLPattern '' [name='index']>], [<URLPattern 'logout/' [name='logout']>], [<URLPattern 'change_password/' [name='change_password']>], [<URLPattern '^media\/(?P<path>.*)$'>]], 'path': 'listCompany'}

During handling of the above exception, another exception occurred:

Traceback (most recent call last):
  File "C:\Users\user\PycharmProjects\Industry_Academy\venv\lib\site-packages\django\template\base.py", line 829, in _resolve_lookup
    current = current[bit]
TypeError: 'URLResolver' object is not subscriptable

During handling of the above exception, another exception occurred:

Traceback (most recent call last):
  File "C:\Users\user\PycharmProjects\Industry_Academy\venv\lib\site-packages\django\template\base.py", line 837, in _resolve_lookup
    current = getattr(current, bit)
AttributeError: 'URLResolver' object has no attribute 'name'

During handling of the above exception, another exception occurred:

Traceback (most recent call last):
  File "C:\Users\user\PycharmProjects\Industry_Academy\venv\lib\site-packages\django\template\base.py", line 843, in _resolve_lookup
    current = current[int(bit)]
ValueError: invalid literal for int() with base 10: 'name'

During handling of the above exception, another exception occurred:

Traceback (most recent call last):
  File "C:\Users\user\PycharmProjects\Industry_Academy\venv\lib\site-packages\django\template\base.py", line 850, in _resolve_lookup
    (bit, current))  # missing attribute
django.template.base.VariableDoesNotExist: Failed lookup for key [name] in <URLResolver <URLPattern list> (admin:admin) 'admin/'>
[20/Nov/2021 10:27:05] DEBUG [django.template:873] Exception while resolving variable 'name' in template 'unknown'.
Traceback (most recent call last):
  File "C:\Users\user\PycharmProjects\Industry_Academy\venv\lib\site-packages\django\core\handlers\exception.py", line 47, in inner
    response = get_response(request)
  File "C:\Users\user\PycharmProjects\Industry_Academy\venv\lib\site-packages\django\core\handlers\base.py", line 167, in _get_response
    callback, callback_args, callback_kwargs = self.resolve_request(request)
  File "C:\Users\user\PycharmProjects\Industry_Academy\venv\lib\site-packages\django\core\handlers\base.py", line 290, in resolve_request
    resolver_match = resolver.resolve(request.path_info)
  File "C:\Users\user\PycharmProjects\Industry_Academy\venv\lib\site-packages\django\urls\resolvers.py", line 585, in resolve
    raise Resolver404({'tried': tried, 'path': new_path})
django.urls.exceptions.Resolver404: {'tried': [[<URLResolver <URLPattern list> (admin:admin) 'admin/'>], [<URLPattern '' [name='index']>], [<URLPattern 'logout/' [name='logout']>], [<URLPattern 'change_password/' [name='change_password']>], [<URLPattern '^media\/(?P<path>.*)$'>]], 'path': 'system'}

During handling of the above exception, another exception occurred:

Traceback (most recent call last):
  File "C:\Users\user\PycharmProjects\Industry_Academy\venv\lib\site-packages\django\template\base.py", line 829, in _resolve_lookup
    current = current[bit]
TypeError: 'URLResolver' object is not subscriptable

During handling of the above exception, another exception occurred:

Traceback (most recent call last):
  File "C:\Users\user\PycharmProjects\Industry_Academy\venv\lib\site-packages\django\template\base.py", line 837, in _resolve_lookup
    current = getattr(current, bit)
AttributeError: 'URLResolver' object has no attribute 'name'

During handling of the above exception, another exception occurred:

Traceback (most recent call last):
  File "C:\Users\user\PycharmProjects\Industry_Academy\venv\lib\site-packages\django\template\base.py", line 843, in _resolve_lookup
    current = current[int(bit)]
ValueError: invalid literal for int() with base 10: 'name'

During handling of the above exception, another exception occurred:

Traceback (most recent call last):
  File "C:\Users\user\PycharmProjects\Industry_Academy\venv\lib\site-packages\django\template\base.py", line 850, in _resolve_lookup
    (bit, current))  # missing attribute
django.template.base.VariableDoesNotExist: Failed lookup for key [name] in <URLResolver <URLPattern list> (admin:admin) 'admin/'>
[20/Nov/2021 10:27:11] DEBUG [django.template:873] Exception while resolving variable 'name' in template 'unknown'.
Traceback (most recent call last):
  File "C:\Users\user\PycharmProjects\Industry_Academy\venv\lib\site-packages\django\core\handlers\exception.py", line 47, in inner
    response = get_response(request)
  File "C:\Users\user\PycharmProjects\Industry_Academy\venv\lib\site-packages\django\core\handlers\base.py", line 167, in _get_response
    callback, callback_args, callback_kwargs = self.resolve_request(request)
  File "C:\Users\user\PycharmProjects\Industry_Academy\venv\lib\site-packages\django\core\handlers\base.py", line 290, in resolve_request
    resolver_match = resolver.resolve(request.path_info)
  File "C:\Users\user\PycharmProjects\Industry_Academy\venv\lib\site-packages\django\urls\resolvers.py", line 585, in resolve
    raise Resolver404({'tried': tried, 'path': new_path})
django.urls.exceptions.Resolver404: {'tried': [[<URLResolver <URLPattern list> (admin:admin) 'admin/'>], [<URLPattern '' [name='index']>], [<URLPattern 'logout/' [name='logout']>], [<URLPattern 'change_password/' [name='change_password']>], [<URLPattern '^media\/(?P<path>.*)$'>]], 'path': 'listCompany'}

During handling of the above exception, another exception occurred:

Traceback (most recent call last):
  File "C:\Users\user\PycharmProjects\Industry_Academy\venv\lib\site-packages\django\template\base.py", line 829, in _resolve_lookup
    current = current[bit]
TypeError: 'URLResolver' object is not subscriptable

During handling of the above exception, another exception occurred:

Traceback (most recent call last):
  File "C:\Users\user\PycharmProjects\Industry_Academy\venv\lib\site-packages\django\template\base.py", line 837, in _resolve_lookup
    current = getattr(current, bit)
AttributeError: 'URLResolver' object has no attribute 'name'

During handling of the above exception, another exception occurred:

Traceback (most recent call last):
  File "C:\Users\user\PycharmProjects\Industry_Academy\venv\lib\site-packages\django\template\base.py", line 843, in _resolve_lookup
    current = current[int(bit)]
ValueError: invalid literal for int() with base 10: 'name'

During handling of the above exception, another exception occurred:

Traceback (most recent call last):
  File "C:\Users\user\PycharmProjects\Industry_Academy\venv\lib\site-packages\django\template\base.py", line 850, in _resolve_lookup
    (bit, current))  # missing attribute
django.template.base.VariableDoesNotExist: Failed lookup for key [name] in <URLResolver <URLPattern list> (admin:admin) 'admin/'>
[20/Nov/2021 11:21:40] DEBUG [django.template:873] Exception while resolving variable 'name' in template 'unknown'.
Traceback (most recent call last):
  File "C:\Users\user\PycharmProjects\Industry_Academy\venv\lib\site-packages\django\core\handlers\exception.py", line 47, in inner
    response = get_response(request)
  File "C:\Users\user\PycharmProjects\Industry_Academy\venv\lib\site-packages\django\core\handlers\base.py", line 167, in _get_response
    callback, callback_args, callback_kwargs = self.resolve_request(request)
  File "C:\Users\user\PycharmProjects\Industry_Academy\venv\lib\site-packages\django\core\handlers\base.py", line 290, in resolve_request
    resolver_match = resolver.resolve(request.path_info)
  File "C:\Users\user\PycharmProjects\Industry_Academy\venv\lib\site-packages\django\urls\resolvers.py", line 585, in resolve
    raise Resolver404({'tried': tried, 'path': new_path})
django.urls.exceptions.Resolver404: {'tried': [[<URLResolver <URLPattern list> (admin:admin) 'admin/'>], [<URLPattern '' [name='index']>], [<URLPattern 'logout/' [name='logout']>], [<URLPattern 'change_password/' [name='change_password']>], [<URLPattern '^media\/(?P<path>.*)$'>]], 'path': 'favicon.ico'}

During handling of the above exception, another exception occurred:

Traceback (most recent call last):
  File "C:\Users\user\PycharmProjects\Industry_Academy\venv\lib\site-packages\django\template\base.py", line 829, in _resolve_lookup
    current = current[bit]
TypeError: 'URLResolver' object is not subscriptable

During handling of the above exception, another exception occurred:

Traceback (most recent call last):
  File "C:\Users\user\PycharmProjects\Industry_Academy\venv\lib\site-packages\django\template\base.py", line 837, in _resolve_lookup
    current = getattr(current, bit)
AttributeError: 'URLResolver' object has no attribute 'name'

During handling of the above exception, another exception occurred:

Traceback (most recent call last):
  File "C:\Users\user\PycharmProjects\Industry_Academy\venv\lib\site-packages\django\template\base.py", line 843, in _resolve_lookup
    current = current[int(bit)]
ValueError: invalid literal for int() with base 10: 'name'

During handling of the above exception, another exception occurred:

Traceback (most recent call last):
  File "C:\Users\user\PycharmProjects\Industry_Academy\venv\lib\site-packages\django\template\base.py", line 850, in _resolve_lookup
    (bit, current))  # missing attribute
django.template.base.VariableDoesNotExist: Failed lookup for key [name] in <URLResolver <URLPattern list> (admin:admin) 'admin/'>
[20/Nov/2021 11:21:53] DEBUG [django.template:873] Exception while resolving variable 'name' in template 'unknown'.
Traceback (most recent call last):
  File "C:\Users\user\PycharmProjects\Industry_Academy\venv\lib\site-packages\django\core\handlers\exception.py", line 47, in inner
    response = get_response(request)
  File "C:\Users\user\PycharmProjects\Industry_Academy\venv\lib\site-packages\django\core\handlers\base.py", line 167, in _get_response
    callback, callback_args, callback_kwargs = self.resolve_request(request)
  File "C:\Users\user\PycharmProjects\Industry_Academy\venv\lib\site-packages\django\core\handlers\base.py", line 290, in resolve_request
    resolver_match = resolver.resolve(request.path_info)
  File "C:\Users\user\PycharmProjects\Industry_Academy\venv\lib\site-packages\django\urls\resolvers.py", line 585, in resolve
    raise Resolver404({'tried': tried, 'path': new_path})
django.urls.exceptions.Resolver404: {'tried': [[<URLResolver <URLPattern list> (admin:admin) 'admin/'>], [<URLPattern '' [name='index']>], [<URLPattern 'logout/' [name='logout']>], [<URLPattern 'change_password/' [name='change_password']>], [<URLPattern '^media\/(?P<path>.*)$'>]], 'path': 'listCompany'}

During handling of the above exception, another exception occurred:

Traceback (most recent call last):
  File "C:\Users\user\PycharmProjects\Industry_Academy\venv\lib\site-packages\django\template\base.py", line 829, in _resolve_lookup
    current = current[bit]
TypeError: 'URLResolver' object is not subscriptable

During handling of the above exception, another exception occurred:

Traceback (most recent call last):
  File "C:\Users\user\PycharmProjects\Industry_Academy\venv\lib\site-packages\django\template\base.py", line 837, in _resolve_lookup
    current = getattr(current, bit)
AttributeError: 'URLResolver' object has no attribute 'name'

During handling of the above exception, another exception occurred:

Traceback (most recent call last):
  File "C:\Users\user\PycharmProjects\Industry_Academy\venv\lib\site-packages\django\template\base.py", line 843, in _resolve_lookup
    current = current[int(bit)]
ValueError: invalid literal for int() with base 10: 'name'

During handling of the above exception, another exception occurred:

Traceback (most recent call last):
  File "C:\Users\user\PycharmProjects\Industry_Academy\venv\lib\site-packages\django\template\base.py", line 850, in _resolve_lookup
    (bit, current))  # missing attribute
django.template.base.VariableDoesNotExist: Failed lookup for key [name] in <URLResolver <URLPattern list> (admin:admin) 'admin/'>
[20/Nov/2021 11:22:35] DEBUG [django.template:873] Exception while resolving variable 'name' in template 'unknown'.
Traceback (most recent call last):
  File "C:\Users\user\PycharmProjects\Industry_Academy\venv\lib\site-packages\django\core\handlers\exception.py", line 47, in inner
    response = get_response(request)
  File "C:\Users\user\PycharmProjects\Industry_Academy\venv\lib\site-packages\django\core\handlers\base.py", line 167, in _get_response
    callback, callback_args, callback_kwargs = self.resolve_request(request)
  File "C:\Users\user\PycharmProjects\Industry_Academy\venv\lib\site-packages\django\core\handlers\base.py", line 290, in resolve_request
    resolver_match = resolver.resolve(request.path_info)
  File "C:\Users\user\PycharmProjects\Industry_Academy\venv\lib\site-packages\django\urls\resolvers.py", line 585, in resolve
    raise Resolver404({'tried': tried, 'path': new_path})
django.urls.exceptions.Resolver404: {'tried': [[<URLResolver <URLPattern list> (admin:admin) 'admin/'>], [<URLPattern '' [name='index']>], [<URLPattern 'logout/' [name='logout']>], [<URLPattern 'change_password/' [name='change_password']>], [<URLPattern '^media\/(?P<path>.*)$'>]], 'path': 'system'}

During handling of the above exception, another exception occurred:

Traceback (most recent call last):
  File "C:\Users\user\PycharmProjects\Industry_Academy\venv\lib\site-packages\django\template\base.py", line 829, in _resolve_lookup
    current = current[bit]
TypeError: 'URLResolver' object is not subscriptable

During handling of the above exception, another exception occurred:

Traceback (most recent call last):
  File "C:\Users\user\PycharmProjects\Industry_Academy\venv\lib\site-packages\django\template\base.py", line 837, in _resolve_lookup
    current = getattr(current, bit)
AttributeError: 'URLResolver' object has no attribute 'name'

During handling of the above exception, another exception occurred:

Traceback (most recent call last):
  File "C:\Users\user\PycharmProjects\Industry_Academy\venv\lib\site-packages\django\template\base.py", line 843, in _resolve_lookup
    current = current[int(bit)]
ValueError: invalid literal for int() with base 10: 'name'

During handling of the above exception, another exception occurred:

Traceback (most recent call last):
  File "C:\Users\user\PycharmProjects\Industry_Academy\venv\lib\site-packages\django\template\base.py", line 850, in _resolve_lookup
    (bit, current))  # missing attribute
django.template.base.VariableDoesNotExist: Failed lookup for key [name] in <URLResolver <URLPattern list> (admin:admin) 'admin/'>
[20/Nov/2021 11:26:28] DEBUG [django.template:873] Exception while resolving variable 'name' in template 'unknown'.
Traceback (most recent call last):
  File "C:\Users\user\PycharmProjects\Industry_Academy\venv\lib\site-packages\django\core\handlers\exception.py", line 47, in inner
    response = get_response(request)
  File "C:\Users\user\PycharmProjects\Industry_Academy\venv\lib\site-packages\django\core\handlers\base.py", line 167, in _get_response
    callback, callback_args, callback_kwargs = self.resolve_request(request)
  File "C:\Users\user\PycharmProjects\Industry_Academy\venv\lib\site-packages\django\core\handlers\base.py", line 290, in resolve_request
    resolver_match = resolver.resolve(request.path_info)
  File "C:\Users\user\PycharmProjects\Industry_Academy\venv\lib\site-packages\django\urls\resolvers.py", line 585, in resolve
    raise Resolver404({'tried': tried, 'path': new_path})
django.urls.exceptions.Resolver404: {'tried': [[<URLResolver <URLPattern list> (admin:admin) 'admin/'>], [<URLPattern '' [name='index']>], [<URLPattern 'logout/' [name='logout']>], [<URLPattern 'change_password/' [name='change_password']>], [<URLPattern '^media\/(?P<path>.*)$'>]], 'path': 'listCompany'}

During handling of the above exception, another exception occurred:

Traceback (most recent call last):
  File "C:\Users\user\PycharmProjects\Industry_Academy\venv\lib\site-packages\django\template\base.py", line 829, in _resolve_lookup
    current = current[bit]
TypeError: 'URLResolver' object is not subscriptable

During handling of the above exception, another exception occurred:

Traceback (most recent call last):
  File "C:\Users\user\PycharmProjects\Industry_Academy\venv\lib\site-packages\django\template\base.py", line 837, in _resolve_lookup
    current = getattr(current, bit)
AttributeError: 'URLResolver' object has no attribute 'name'

During handling of the above exception, another exception occurred:

Traceback (most recent call last):
  File "C:\Users\user\PycharmProjects\Industry_Academy\venv\lib\site-packages\django\template\base.py", line 843, in _resolve_lookup
    current = current[int(bit)]
ValueError: invalid literal for int() with base 10: 'name'

During handling of the above exception, another exception occurred:

Traceback (most recent call last):
  File "C:\Users\user\PycharmProjects\Industry_Academy\venv\lib\site-packages\django\template\base.py", line 850, in _resolve_lookup
    (bit, current))  # missing attribute
django.template.base.VariableDoesNotExist: Failed lookup for key [name] in <URLResolver <URLPattern list> (admin:admin) 'admin/'>
[20/Nov/2021 11:43:31] DEBUG [django.template:873] Exception while resolving variable 'subtitle' in template 'admin/login.html'.
Traceback (most recent call last):
  File "C:\Users\user\PycharmProjects\Industry_Academy\venv\lib\site-packages\django\template\base.py", line 829, in _resolve_lookup
    current = current[bit]
  File "C:\Users\user\PycharmProjects\Industry_Academy\venv\lib\site-packages\django\template\context.py", line 83, in __getitem__
    raise KeyError(key)
KeyError: 'subtitle'

During handling of the above exception, another exception occurred:

Traceback (most recent call last):
  File "C:\Users\user\PycharmProjects\Industry_Academy\venv\lib\site-packages\django\template\base.py", line 835, in _resolve_lookup
    if isinstance(current, BaseContext) and getattr(type(current), bit):
AttributeError: type object 'RequestContext' has no attribute 'subtitle'

During handling of the above exception, another exception occurred:

Traceback (most recent call last):
  File "C:\Users\user\PycharmProjects\Industry_Academy\venv\lib\site-packages\django\template\base.py", line 843, in _resolve_lookup
    current = current[int(bit)]
ValueError: invalid literal for int() with base 10: 'subtitle'

During handling of the above exception, another exception occurred:

Traceback (most recent call last):
  File "C:\Users\user\PycharmProjects\Industry_Academy\venv\lib\site-packages\django\template\base.py", line 850, in _resolve_lookup
    (bit, current))  # missing attribute
django.template.base.VariableDoesNotExist: Failed lookup for key [subtitle] in [{'True': True, 'False': False, 'None': None}, {'csrf_token': <SimpleLazyObject: <function csrf.<locals>._get_val at 0x0000018314217C80>>, 'request': <WSGIRequest: GET '/admin/login/?next=/admin/'>, 'user': <SimpleLazyObject: <django.contrib.auth.models.AnonymousUser object at 0x00000183140A7EF0>>, 'perms': <django.contrib.auth.context_processors.PermWrapper object at 0x000001831411CA20>, 'messages': <django.contrib.messages.storage.fallback.FallbackStorage object at 0x00000183140A7F98>, 'DEFAULT_MESSAGE_LEVELS': {'DEBUG': 10, 'INFO': 20, 'SUCCESS': 25, 'WARNING': 30, 'ERROR': 40}, 'MEDIA_URL': '/media/'}, {}, {'form': <AdminAuthenticationForm bound=False, valid=Unknown, fields=(username;password)>, 'view': <django.contrib.auth.views.LoginView object at 0x0000018314177748>, 'site_title': 'Django 網站管理', 'site_header': 'Django 管理', 'site_url': '/', 'has_permission': False, 'available_apps': [], 'is_popup': False, 'is_nav_sidebar_enabled': True, 'title': '登入', 'app_path': '/admin/login/?next=/admin/', 'username': '', 'next': '/admin/', 'site': <django.contrib.sites.requests.RequestSite object at 0x0000018314177630>, 'site_name': '127.0.0.1:8000', 'LANGUAGE_CODE': 'zh-Hant', 'LANGUAGE_BIDI': False}, {'block': <Block Node: title. Contents: [<IfNode>, <Variable Node: title>, <TextNode: ' | '>, <Variable Node: site_title|default:_('Django site admin')>]>}]
[20/Nov/2021 11:43:31] DEBUG [django.template:873] Exception while resolving variable 'subtitle' in template 'admin/login.html'.
Traceback (most recent call last):
  File "C:\Users\user\PycharmProjects\Industry_Academy\venv\lib\site-packages\django\template\base.py", line 829, in _resolve_lookup
    current = current[bit]
  File "C:\Users\user\PycharmProjects\Industry_Academy\venv\lib\site-packages\django\template\context.py", line 83, in __getitem__
    raise KeyError(key)
KeyError: 'subtitle'

During handling of the above exception, another exception occurred:

Traceback (most recent call last):
  File "C:\Users\user\PycharmProjects\Industry_Academy\venv\lib\site-packages\django\template\base.py", line 835, in _resolve_lookup
    if isinstance(current, BaseContext) and getattr(type(current), bit):
AttributeError: type object 'RequestContext' has no attribute 'subtitle'

During handling of the above exception, another exception occurred:

Traceback (most recent call last):
  File "C:\Users\user\PycharmProjects\Industry_Academy\venv\lib\site-packages\django\template\base.py", line 843, in _resolve_lookup
    current = current[int(bit)]
ValueError: invalid literal for int() with base 10: 'subtitle'

During handling of the above exception, another exception occurred:

Traceback (most recent call last):
  File "C:\Users\user\PycharmProjects\Industry_Academy\venv\lib\site-packages\django\template\base.py", line 850, in _resolve_lookup
    (bit, current))  # missing attribute
django.template.base.VariableDoesNotExist: Failed lookup for key [subtitle] in [{'True': True, 'False': False, 'None': None}, {'csrf_token': <SimpleLazyObject: <function csrf.<locals>._get_val at 0x0000018314217C80>>, 'request': <WSGIRequest: GET '/admin/login/?next=/admin/'>, 'user': <SimpleLazyObject: <django.contrib.auth.models.AnonymousUser object at 0x00000183140A7EF0>>, 'perms': <django.contrib.auth.context_processors.PermWrapper object at 0x000001831411CA20>, 'messages': <django.contrib.messages.storage.fallback.FallbackStorage object at 0x00000183140A7F98>, 'DEFAULT_MESSAGE_LEVELS': {'DEBUG': 10, 'INFO': 20, 'SUCCESS': 25, 'WARNING': 30, 'ERROR': 40}, 'MEDIA_URL': '/media/'}, {}, {'form': <AdminAuthenticationForm bound=False, valid=Unknown, fields=(username;password)>, 'view': <django.contrib.auth.views.LoginView object at 0x0000018314177748>, 'site_title': 'Django 網站管理', 'site_header': 'Django 管理', 'site_url': '/', 'has_permission': False, 'available_apps': [], 'is_popup': False, 'is_nav_sidebar_enabled': True, 'title': '登入', 'app_path': '/admin/login/?next=/admin/', 'username': '', 'next': '/admin/', 'site': <django.contrib.sites.requests.RequestSite object at 0x0000018314177630>, 'site_name': '127.0.0.1:8000', 'LANGUAGE_CODE': 'zh-Hant', 'LANGUAGE_BIDI': False}, {'block': <Block Node: content_subtitle. Contents: [<IfNode>]>}]
[20/Nov/2021 18:24:41] DEBUG [django.template:873] Exception while resolving variable 'name' in template 'unknown'.
Traceback (most recent call last):
  File "C:\Users\user\PycharmProjects\Industry_Academy\venv\lib\site-packages\django\core\handlers\exception.py", line 47, in inner
    response = get_response(request)
  File "C:\Users\user\PycharmProjects\Industry_Academy\venv\lib\site-packages\django\core\handlers\base.py", line 167, in _get_response
    callback, callback_args, callback_kwargs = self.resolve_request(request)
  File "C:\Users\user\PycharmProjects\Industry_Academy\venv\lib\site-packages\django\core\handlers\base.py", line 290, in resolve_request
    resolver_match = resolver.resolve(request.path_info)
  File "C:\Users\user\PycharmProjects\Industry_Academy\venv\lib\site-packages\django\urls\resolvers.py", line 585, in resolve
    raise Resolver404({'tried': tried, 'path': new_path})
django.urls.exceptions.Resolver404: {'tried': [[<URLResolver <URLPattern list> (admin:admin) 'admin/'>], [<URLPattern '' [name='index']>], [<URLPattern 'logout/' [name='logout']>], [<URLPattern 'change_password/' [name='change_password']>], [<URLResolver <module 'company.urls' from 'C:\\Users\\user\\PycharmProjects\\Industry_Academy\\company\\urls.py'> (None:None) 'company/'>], [<URLPattern '^media\/(?P<path>.*)$'>]], 'path': 'favicon.ico'}

During handling of the above exception, another exception occurred:

Traceback (most recent call last):
  File "C:\Users\user\PycharmProjects\Industry_Academy\venv\lib\site-packages\django\template\base.py", line 829, in _resolve_lookup
    current = current[bit]
TypeError: 'URLResolver' object is not subscriptable

During handling of the above exception, another exception occurred:

Traceback (most recent call last):
  File "C:\Users\user\PycharmProjects\Industry_Academy\venv\lib\site-packages\django\template\base.py", line 837, in _resolve_lookup
    current = getattr(current, bit)
AttributeError: 'URLResolver' object has no attribute 'name'

During handling of the above exception, another exception occurred:

Traceback (most recent call last):
  File "C:\Users\user\PycharmProjects\Industry_Academy\venv\lib\site-packages\django\template\base.py", line 843, in _resolve_lookup
    current = current[int(bit)]
ValueError: invalid literal for int() with base 10: 'name'

During handling of the above exception, another exception occurred:

Traceback (most recent call last):
  File "C:\Users\user\PycharmProjects\Industry_Academy\venv\lib\site-packages\django\template\base.py", line 850, in _resolve_lookup
    (bit, current))  # missing attribute
django.template.base.VariableDoesNotExist: Failed lookup for key [name] in <URLResolver <URLPattern list> (admin:admin) 'admin/'>
[20/Nov/2021 18:24:41] DEBUG [django.template:873] Exception while resolving variable 'name' in template 'unknown'.
Traceback (most recent call last):
  File "C:\Users\user\PycharmProjects\Industry_Academy\venv\lib\site-packages\django\core\handlers\exception.py", line 47, in inner
    response = get_response(request)
  File "C:\Users\user\PycharmProjects\Industry_Academy\venv\lib\site-packages\django\core\handlers\base.py", line 167, in _get_response
    callback, callback_args, callback_kwargs = self.resolve_request(request)
  File "C:\Users\user\PycharmProjects\Industry_Academy\venv\lib\site-packages\django\core\handlers\base.py", line 290, in resolve_request
    resolver_match = resolver.resolve(request.path_info)
  File "C:\Users\user\PycharmProjects\Industry_Academy\venv\lib\site-packages\django\urls\resolvers.py", line 585, in resolve
    raise Resolver404({'tried': tried, 'path': new_path})
django.urls.exceptions.Resolver404: {'tried': [[<URLResolver <URLPattern list> (admin:admin) 'admin/'>], [<URLPattern '' [name='index']>], [<URLPattern 'logout/' [name='logout']>], [<URLPattern 'change_password/' [name='change_password']>], [<URLResolver <module 'company.urls' from 'C:\\Users\\user\\PycharmProjects\\Industry_Academy\\company\\urls.py'> (None:None) 'company/'>], [<URLPattern '^media\/(?P<path>.*)$'>]], 'path': 'favicon.ico'}

During handling of the above exception, another exception occurred:

Traceback (most recent call last):
  File "C:\Users\user\PycharmProjects\Industry_Academy\venv\lib\site-packages\django\template\base.py", line 829, in _resolve_lookup
    current = current[bit]
TypeError: 'URLResolver' object is not subscriptable

During handling of the above exception, another exception occurred:

Traceback (most recent call last):
  File "C:\Users\user\PycharmProjects\Industry_Academy\venv\lib\site-packages\django\template\base.py", line 837, in _resolve_lookup
    current = getattr(current, bit)
AttributeError: 'URLResolver' object has no attribute 'name'

During handling of the above exception, another exception occurred:

Traceback (most recent call last):
  File "C:\Users\user\PycharmProjects\Industry_Academy\venv\lib\site-packages\django\template\base.py", line 843, in _resolve_lookup
    current = current[int(bit)]
ValueError: invalid literal for int() with base 10: 'name'

During handling of the above exception, another exception occurred:

Traceback (most recent call last):
  File "C:\Users\user\PycharmProjects\Industry_Academy\venv\lib\site-packages\django\template\base.py", line 850, in _resolve_lookup
    (bit, current))  # missing attribute
django.template.base.VariableDoesNotExist: Failed lookup for key [name] in <URLResolver <module 'company.urls' from 'C:\\Users\\user\\PycharmProjects\\Industry_Academy\\company\\urls.py'> (None:None) 'company/'>
[20/Nov/2021 18:24:42] DEBUG [django.template:873] Exception while resolving variable 'name' in template 'unknown'.
Traceback (most recent call last):
  File "C:\Users\user\PycharmProjects\Industry_Academy\venv\lib\site-packages\django\core\handlers\exception.py", line 47, in inner
    response = get_response(request)
  File "C:\Users\user\PycharmProjects\Industry_Academy\venv\lib\site-packages\django\core\handlers\base.py", line 167, in _get_response
    callback, callback_args, callback_kwargs = self.resolve_request(request)
  File "C:\Users\user\PycharmProjects\Industry_Academy\venv\lib\site-packages\django\core\handlers\base.py", line 290, in resolve_request
    resolver_match = resolver.resolve(request.path_info)
  File "C:\Users\user\PycharmProjects\Industry_Academy\venv\lib\site-packages\django\urls\resolvers.py", line 585, in resolve
    raise Resolver404({'tried': tried, 'path': new_path})
django.urls.exceptions.Resolver404: {'tried': [[<URLResolver <URLPattern list> (admin:admin) 'admin/'>], [<URLPattern '' [name='index']>], [<URLPattern 'logout/' [name='logout']>], [<URLPattern 'change_password/' [name='change_password']>], [<URLResolver <module 'company.urls' from 'C:\\Users\\user\\PycharmProjects\\Industry_Academy\\company\\urls.py'> (None:None) 'company/'>], [<URLPattern '^media\/(?P<path>.*)$'>]], 'path': 'listCompany'}

During handling of the above exception, another exception occurred:

Traceback (most recent call last):
  File "C:\Users\user\PycharmProjects\Industry_Academy\venv\lib\site-packages\django\template\base.py", line 829, in _resolve_lookup
    current = current[bit]
TypeError: 'URLResolver' object is not subscriptable

During handling of the above exception, another exception occurred:

Traceback (most recent call last):
  File "C:\Users\user\PycharmProjects\Industry_Academy\venv\lib\site-packages\django\template\base.py", line 837, in _resolve_lookup
    current = getattr(current, bit)
AttributeError: 'URLResolver' object has no attribute 'name'

During handling of the above exception, another exception occurred:

Traceback (most recent call last):
  File "C:\Users\user\PycharmProjects\Industry_Academy\venv\lib\site-packages\django\template\base.py", line 843, in _resolve_lookup
    current = current[int(bit)]
ValueError: invalid literal for int() with base 10: 'name'

During handling of the above exception, another exception occurred:

Traceback (most recent call last):
  File "C:\Users\user\PycharmProjects\Industry_Academy\venv\lib\site-packages\django\template\base.py", line 850, in _resolve_lookup
    (bit, current))  # missing attribute
django.template.base.VariableDoesNotExist: Failed lookup for key [name] in <URLResolver <URLPattern list> (admin:admin) 'admin/'>
[20/Nov/2021 18:24:42] DEBUG [django.template:873] Exception while resolving variable 'name' in template 'unknown'.
Traceback (most recent call last):
  File "C:\Users\user\PycharmProjects\Industry_Academy\venv\lib\site-packages\django\core\handlers\exception.py", line 47, in inner
    response = get_response(request)
  File "C:\Users\user\PycharmProjects\Industry_Academy\venv\lib\site-packages\django\core\handlers\base.py", line 167, in _get_response
    callback, callback_args, callback_kwargs = self.resolve_request(request)
  File "C:\Users\user\PycharmProjects\Industry_Academy\venv\lib\site-packages\django\core\handlers\base.py", line 290, in resolve_request
    resolver_match = resolver.resolve(request.path_info)
  File "C:\Users\user\PycharmProjects\Industry_Academy\venv\lib\site-packages\django\urls\resolvers.py", line 585, in resolve
    raise Resolver404({'tried': tried, 'path': new_path})
django.urls.exceptions.Resolver404: {'tried': [[<URLResolver <URLPattern list> (admin:admin) 'admin/'>], [<URLPattern '' [name='index']>], [<URLPattern 'logout/' [name='logout']>], [<URLPattern 'change_password/' [name='change_password']>], [<URLResolver <module 'company.urls' from 'C:\\Users\\user\\PycharmProjects\\Industry_Academy\\company\\urls.py'> (None:None) 'company/'>], [<URLPattern '^media\/(?P<path>.*)$'>]], 'path': 'listCompany'}

During handling of the above exception, another exception occurred:

Traceback (most recent call last):
  File "C:\Users\user\PycharmProjects\Industry_Academy\venv\lib\site-packages\django\template\base.py", line 829, in _resolve_lookup
    current = current[bit]
TypeError: 'URLResolver' object is not subscriptable

During handling of the above exception, another exception occurred:

Traceback (most recent call last):
  File "C:\Users\user\PycharmProjects\Industry_Academy\venv\lib\site-packages\django\template\base.py", line 837, in _resolve_lookup
    current = getattr(current, bit)
AttributeError: 'URLResolver' object has no attribute 'name'

During handling of the above exception, another exception occurred:

Traceback (most recent call last):
  File "C:\Users\user\PycharmProjects\Industry_Academy\venv\lib\site-packages\django\template\base.py", line 843, in _resolve_lookup
    current = current[int(bit)]
ValueError: invalid literal for int() with base 10: 'name'

During handling of the above exception, another exception occurred:

Traceback (most recent call last):
  File "C:\Users\user\PycharmProjects\Industry_Academy\venv\lib\site-packages\django\template\base.py", line 850, in _resolve_lookup
    (bit, current))  # missing attribute
django.template.base.VariableDoesNotExist: Failed lookup for key [name] in <URLResolver <module 'company.urls' from 'C:\\Users\\user\\PycharmProjects\\Industry_Academy\\company\\urls.py'> (None:None) 'company/'>
[20/Nov/2021 18:24:47] DEBUG [django.template:873] Exception while resolving variable 'name' in template 'unknown'.
Traceback (most recent call last):
  File "C:\Users\user\PycharmProjects\Industry_Academy\venv\lib\site-packages\django\core\handlers\exception.py", line 47, in inner
    response = get_response(request)
  File "C:\Users\user\PycharmProjects\Industry_Academy\venv\lib\site-packages\django\core\handlers\base.py", line 167, in _get_response
    callback, callback_args, callback_kwargs = self.resolve_request(request)
  File "C:\Users\user\PycharmProjects\Industry_Academy\venv\lib\site-packages\django\core\handlers\base.py", line 290, in resolve_request
    resolver_match = resolver.resolve(request.path_info)
  File "C:\Users\user\PycharmProjects\Industry_Academy\venv\lib\site-packages\django\urls\resolvers.py", line 585, in resolve
    raise Resolver404({'tried': tried, 'path': new_path})
django.urls.exceptions.Resolver404: {'tried': [[<URLResolver <URLPattern list> (admin:admin) 'admin/'>], [<URLPattern '' [name='index']>], [<URLPattern 'logout/' [name='logout']>], [<URLPattern 'change_password/' [name='change_password']>], [<URLResolver <module 'company.urls' from 'C:\\Users\\user\\PycharmProjects\\Industry_Academy\\company\\urls.py'> (None:None) 'company/'>], [<URLPattern '^media\/(?P<path>.*)$'>]], 'path': 'report'}

During handling of the above exception, another exception occurred:

Traceback (most recent call last):
  File "C:\Users\user\PycharmProjects\Industry_Academy\venv\lib\site-packages\django\template\base.py", line 829, in _resolve_lookup
    current = current[bit]
TypeError: 'URLResolver' object is not subscriptable

During handling of the above exception, another exception occurred:

Traceback (most recent call last):
  File "C:\Users\user\PycharmProjects\Industry_Academy\venv\lib\site-packages\django\template\base.py", line 837, in _resolve_lookup
    current = getattr(current, bit)
AttributeError: 'URLResolver' object has no attribute 'name'

During handling of the above exception, another exception occurred:

Traceback (most recent call last):
  File "C:\Users\user\PycharmProjects\Industry_Academy\venv\lib\site-packages\django\template\base.py", line 843, in _resolve_lookup
    current = current[int(bit)]
ValueError: invalid literal for int() with base 10: 'name'

During handling of the above exception, another exception occurred:

Traceback (most recent call last):
  File "C:\Users\user\PycharmProjects\Industry_Academy\venv\lib\site-packages\django\template\base.py", line 850, in _resolve_lookup
    (bit, current))  # missing attribute
django.template.base.VariableDoesNotExist: Failed lookup for key [name] in <URLResolver <URLPattern list> (admin:admin) 'admin/'>
[20/Nov/2021 18:24:47] DEBUG [django.template:873] Exception while resolving variable 'name' in template 'unknown'.
Traceback (most recent call last):
  File "C:\Users\user\PycharmProjects\Industry_Academy\venv\lib\site-packages\django\core\handlers\exception.py", line 47, in inner
    response = get_response(request)
  File "C:\Users\user\PycharmProjects\Industry_Academy\venv\lib\site-packages\django\core\handlers\base.py", line 167, in _get_response
    callback, callback_args, callback_kwargs = self.resolve_request(request)
  File "C:\Users\user\PycharmProjects\Industry_Academy\venv\lib\site-packages\django\core\handlers\base.py", line 290, in resolve_request
    resolver_match = resolver.resolve(request.path_info)
  File "C:\Users\user\PycharmProjects\Industry_Academy\venv\lib\site-packages\django\urls\resolvers.py", line 585, in resolve
    raise Resolver404({'tried': tried, 'path': new_path})
django.urls.exceptions.Resolver404: {'tried': [[<URLResolver <URLPattern list> (admin:admin) 'admin/'>], [<URLPattern '' [name='index']>], [<URLPattern 'logout/' [name='logout']>], [<URLPattern 'change_password/' [name='change_password']>], [<URLResolver <module 'company.urls' from 'C:\\Users\\user\\PycharmProjects\\Industry_Academy\\company\\urls.py'> (None:None) 'company/'>], [<URLPattern '^media\/(?P<path>.*)$'>]], 'path': 'report'}

During handling of the above exception, another exception occurred:

Traceback (most recent call last):
  File "C:\Users\user\PycharmProjects\Industry_Academy\venv\lib\site-packages\django\template\base.py", line 829, in _resolve_lookup
    current = current[bit]
TypeError: 'URLResolver' object is not subscriptable

During handling of the above exception, another exception occurred:

Traceback (most recent call last):
  File "C:\Users\user\PycharmProjects\Industry_Academy\venv\lib\site-packages\django\template\base.py", line 837, in _resolve_lookup
    current = getattr(current, bit)
AttributeError: 'URLResolver' object has no attribute 'name'

During handling of the above exception, another exception occurred:

Traceback (most recent call last):
  File "C:\Users\user\PycharmProjects\Industry_Academy\venv\lib\site-packages\django\template\base.py", line 843, in _resolve_lookup
    current = current[int(bit)]
ValueError: invalid literal for int() with base 10: 'name'

During handling of the above exception, another exception occurred:

Traceback (most recent call last):
  File "C:\Users\user\PycharmProjects\Industry_Academy\venv\lib\site-packages\django\template\base.py", line 850, in _resolve_lookup
    (bit, current))  # missing attribute
django.template.base.VariableDoesNotExist: Failed lookup for key [name] in <URLResolver <module 'company.urls' from 'C:\\Users\\user\\PycharmProjects\\Industry_Academy\\company\\urls.py'> (None:None) 'company/'>
[20/Nov/2021 18:24:49] DEBUG [django.template:873] Exception while resolving variable 'name' in template 'unknown'.
Traceback (most recent call last):
  File "C:\Users\user\PycharmProjects\Industry_Academy\venv\lib\site-packages\django\core\handlers\exception.py", line 47, in inner
    response = get_response(request)
  File "C:\Users\user\PycharmProjects\Industry_Academy\venv\lib\site-packages\django\core\handlers\base.py", line 167, in _get_response
    callback, callback_args, callback_kwargs = self.resolve_request(request)
  File "C:\Users\user\PycharmProjects\Industry_Academy\venv\lib\site-packages\django\core\handlers\base.py", line 290, in resolve_request
    resolver_match = resolver.resolve(request.path_info)
  File "C:\Users\user\PycharmProjects\Industry_Academy\venv\lib\site-packages\django\urls\resolvers.py", line 585, in resolve
    raise Resolver404({'tried': tried, 'path': new_path})
django.urls.exceptions.Resolver404: {'tried': [[<URLResolver <URLPattern list> (admin:admin) 'admin/'>], [<URLPattern '' [name='index']>], [<URLPattern 'logout/' [name='logout']>], [<URLPattern 'change_password/' [name='change_password']>], [<URLResolver <module 'company.urls' from 'C:\\Users\\user\\PycharmProjects\\Industry_Academy\\company\\urls.py'> (None:None) 'company/'>], [<URLPattern '^media\/(?P<path>.*)$'>]], 'path': 'system'}

During handling of the above exception, another exception occurred:

Traceback (most recent call last):
  File "C:\Users\user\PycharmProjects\Industry_Academy\venv\lib\site-packages\django\template\base.py", line 829, in _resolve_lookup
    current = current[bit]
TypeError: 'URLResolver' object is not subscriptable

During handling of the above exception, another exception occurred:

Traceback (most recent call last):
  File "C:\Users\user\PycharmProjects\Industry_Academy\venv\lib\site-packages\django\template\base.py", line 837, in _resolve_lookup
    current = getattr(current, bit)
AttributeError: 'URLResolver' object has no attribute 'name'

During handling of the above exception, another exception occurred:

Traceback (most recent call last):
  File "C:\Users\user\PycharmProjects\Industry_Academy\venv\lib\site-packages\django\template\base.py", line 843, in _resolve_lookup
    current = current[int(bit)]
ValueError: invalid literal for int() with base 10: 'name'

During handling of the above exception, another exception occurred:

Traceback (most recent call last):
  File "C:\Users\user\PycharmProjects\Industry_Academy\venv\lib\site-packages\django\template\base.py", line 850, in _resolve_lookup
    (bit, current))  # missing attribute
django.template.base.VariableDoesNotExist: Failed lookup for key [name] in <URLResolver <URLPattern list> (admin:admin) 'admin/'>
[20/Nov/2021 18:24:49] DEBUG [django.template:873] Exception while resolving variable 'name' in template 'unknown'.
Traceback (most recent call last):
  File "C:\Users\user\PycharmProjects\Industry_Academy\venv\lib\site-packages\django\core\handlers\exception.py", line 47, in inner
    response = get_response(request)
  File "C:\Users\user\PycharmProjects\Industry_Academy\venv\lib\site-packages\django\core\handlers\base.py", line 167, in _get_response
    callback, callback_args, callback_kwargs = self.resolve_request(request)
  File "C:\Users\user\PycharmProjects\Industry_Academy\venv\lib\site-packages\django\core\handlers\base.py", line 290, in resolve_request
    resolver_match = resolver.resolve(request.path_info)
  File "C:\Users\user\PycharmProjects\Industry_Academy\venv\lib\site-packages\django\urls\resolvers.py", line 585, in resolve
    raise Resolver404({'tried': tried, 'path': new_path})
django.urls.exceptions.Resolver404: {'tried': [[<URLResolver <URLPattern list> (admin:admin) 'admin/'>], [<URLPattern '' [name='index']>], [<URLPattern 'logout/' [name='logout']>], [<URLPattern 'change_password/' [name='change_password']>], [<URLResolver <module 'company.urls' from 'C:\\Users\\user\\PycharmProjects\\Industry_Academy\\company\\urls.py'> (None:None) 'company/'>], [<URLPattern '^media\/(?P<path>.*)$'>]], 'path': 'system'}

During handling of the above exception, another exception occurred:

Traceback (most recent call last):
  File "C:\Users\user\PycharmProjects\Industry_Academy\venv\lib\site-packages\django\template\base.py", line 829, in _resolve_lookup
    current = current[bit]
TypeError: 'URLResolver' object is not subscriptable

During handling of the above exception, another exception occurred:

Traceback (most recent call last):
  File "C:\Users\user\PycharmProjects\Industry_Academy\venv\lib\site-packages\django\template\base.py", line 837, in _resolve_lookup
    current = getattr(current, bit)
AttributeError: 'URLResolver' object has no attribute 'name'

During handling of the above exception, another exception occurred:

Traceback (most recent call last):
  File "C:\Users\user\PycharmProjects\Industry_Academy\venv\lib\site-packages\django\template\base.py", line 843, in _resolve_lookup
    current = current[int(bit)]
ValueError: invalid literal for int() with base 10: 'name'

During handling of the above exception, another exception occurred:

Traceback (most recent call last):
  File "C:\Users\user\PycharmProjects\Industry_Academy\venv\lib\site-packages\django\template\base.py", line 850, in _resolve_lookup
    (bit, current))  # missing attribute
django.template.base.VariableDoesNotExist: Failed lookup for key [name] in <URLResolver <module 'company.urls' from 'C:\\Users\\user\\PycharmProjects\\Industry_Academy\\company\\urls.py'> (None:None) 'company/'>
[20/Nov/2021 18:24:51] DEBUG [django.template:873] Exception while resolving variable 'name' in template 'unknown'.
Traceback (most recent call last):
  File "C:\Users\user\PycharmProjects\Industry_Academy\venv\lib\site-packages\django\core\handlers\exception.py", line 47, in inner
    response = get_response(request)
  File "C:\Users\user\PycharmProjects\Industry_Academy\venv\lib\site-packages\django\core\handlers\base.py", line 167, in _get_response
    callback, callback_args, callback_kwargs = self.resolve_request(request)
  File "C:\Users\user\PycharmProjects\Industry_Academy\venv\lib\site-packages\django\core\handlers\base.py", line 290, in resolve_request
    resolver_match = resolver.resolve(request.path_info)
  File "C:\Users\user\PycharmProjects\Industry_Academy\venv\lib\site-packages\django\urls\resolvers.py", line 585, in resolve
    raise Resolver404({'tried': tried, 'path': new_path})
django.urls.exceptions.Resolver404: {'tried': [[<URLResolver <URLPattern list> (admin:admin) 'admin/'>], [<URLPattern '' [name='index']>], [<URLPattern 'logout/' [name='logout']>], [<URLPattern 'change_password/' [name='change_password']>], [<URLResolver <module 'company.urls' from 'C:\\Users\\user\\PycharmProjects\\Industry_Academy\\company\\urls.py'> (None:None) 'company/'>], [<URLPattern '^media\/(?P<path>.*)$'>]], 'path': 'post'}

During handling of the above exception, another exception occurred:

Traceback (most recent call last):
  File "C:\Users\user\PycharmProjects\Industry_Academy\venv\lib\site-packages\django\template\base.py", line 829, in _resolve_lookup
    current = current[bit]
TypeError: 'URLResolver' object is not subscriptable

During handling of the above exception, another exception occurred:

Traceback (most recent call last):
  File "C:\Users\user\PycharmProjects\Industry_Academy\venv\lib\site-packages\django\template\base.py", line 837, in _resolve_lookup
    current = getattr(current, bit)
AttributeError: 'URLResolver' object has no attribute 'name'

During handling of the above exception, another exception occurred:

Traceback (most recent call last):
  File "C:\Users\user\PycharmProjects\Industry_Academy\venv\lib\site-packages\django\template\base.py", line 843, in _resolve_lookup
    current = current[int(bit)]
ValueError: invalid literal for int() with base 10: 'name'

During handling of the above exception, another exception occurred:

Traceback (most recent call last):
  File "C:\Users\user\PycharmProjects\Industry_Academy\venv\lib\site-packages\django\template\base.py", line 850, in _resolve_lookup
    (bit, current))  # missing attribute
django.template.base.VariableDoesNotExist: Failed lookup for key [name] in <URLResolver <URLPattern list> (admin:admin) 'admin/'>
[20/Nov/2021 18:24:51] DEBUG [django.template:873] Exception while resolving variable 'name' in template 'unknown'.
Traceback (most recent call last):
  File "C:\Users\user\PycharmProjects\Industry_Academy\venv\lib\site-packages\django\core\handlers\exception.py", line 47, in inner
    response = get_response(request)
  File "C:\Users\user\PycharmProjects\Industry_Academy\venv\lib\site-packages\django\core\handlers\base.py", line 167, in _get_response
    callback, callback_args, callback_kwargs = self.resolve_request(request)
  File "C:\Users\user\PycharmProjects\Industry_Academy\venv\lib\site-packages\django\core\handlers\base.py", line 290, in resolve_request
    resolver_match = resolver.resolve(request.path_info)
  File "C:\Users\user\PycharmProjects\Industry_Academy\venv\lib\site-packages\django\urls\resolvers.py", line 585, in resolve
    raise Resolver404({'tried': tried, 'path': new_path})
django.urls.exceptions.Resolver404: {'tried': [[<URLResolver <URLPattern list> (admin:admin) 'admin/'>], [<URLPattern '' [name='index']>], [<URLPattern 'logout/' [name='logout']>], [<URLPattern 'change_password/' [name='change_password']>], [<URLResolver <module 'company.urls' from 'C:\\Users\\user\\PycharmProjects\\Industry_Academy\\company\\urls.py'> (None:None) 'company/'>], [<URLPattern '^media\/(?P<path>.*)$'>]], 'path': 'post'}

During handling of the above exception, another exception occurred:

Traceback (most recent call last):
  File "C:\Users\user\PycharmProjects\Industry_Academy\venv\lib\site-packages\django\template\base.py", line 829, in _resolve_lookup
    current = current[bit]
TypeError: 'URLResolver' object is not subscriptable

During handling of the above exception, another exception occurred:

Traceback (most recent call last):
  File "C:\Users\user\PycharmProjects\Industry_Academy\venv\lib\site-packages\django\template\base.py", line 837, in _resolve_lookup
    current = getattr(current, bit)
AttributeError: 'URLResolver' object has no attribute 'name'

During handling of the above exception, another exception occurred:

Traceback (most recent call last):
  File "C:\Users\user\PycharmProjects\Industry_Academy\venv\lib\site-packages\django\template\base.py", line 843, in _resolve_lookup
    current = current[int(bit)]
ValueError: invalid literal for int() with base 10: 'name'

During handling of the above exception, another exception occurred:

Traceback (most recent call last):
  File "C:\Users\user\PycharmProjects\Industry_Academy\venv\lib\site-packages\django\template\base.py", line 850, in _resolve_lookup
    (bit, current))  # missing attribute
django.template.base.VariableDoesNotExist: Failed lookup for key [name] in <URLResolver <module 'company.urls' from 'C:\\Users\\user\\PycharmProjects\\Industry_Academy\\company\\urls.py'> (None:None) 'company/'>
[20/Nov/2021 18:27:53] DEBUG [django.template:873] Exception while resolving variable 'name' in template 'unknown'.
Traceback (most recent call last):
  File "C:\Users\user\PycharmProjects\Industry_Academy\venv\lib\site-packages\django\core\handlers\exception.py", line 47, in inner
    response = get_response(request)
  File "C:\Users\user\PycharmProjects\Industry_Academy\venv\lib\site-packages\django\core\handlers\base.py", line 167, in _get_response
    callback, callback_args, callback_kwargs = self.resolve_request(request)
  File "C:\Users\user\PycharmProjects\Industry_Academy\venv\lib\site-packages\django\core\handlers\base.py", line 290, in resolve_request
    resolver_match = resolver.resolve(request.path_info)
  File "C:\Users\user\PycharmProjects\Industry_Academy\venv\lib\site-packages\django\urls\resolvers.py", line 585, in resolve
    raise Resolver404({'tried': tried, 'path': new_path})
django.urls.exceptions.Resolver404: {'tried': [[<URLResolver <URLPattern list> (admin:admin) 'admin/'>], [<URLPattern '' [name='index']>], [<URLPattern 'logout/' [name='logout']>], [<URLPattern 'change_password/' [name='change_password']>], [<URLResolver <module 'company.urls' from 'C:\\Users\\user\\PycharmProjects\\Industry_Academy\\company\\urls.py'> (None:None) 'company/'>], [<URLPattern '^media\/(?P<path>.*)$'>]], 'path': 'system'}

During handling of the above exception, another exception occurred:

Traceback (most recent call last):
  File "C:\Users\user\PycharmProjects\Industry_Academy\venv\lib\site-packages\django\template\base.py", line 829, in _resolve_lookup
    current = current[bit]
TypeError: 'URLResolver' object is not subscriptable

During handling of the above exception, another exception occurred:

Traceback (most recent call last):
  File "C:\Users\user\PycharmProjects\Industry_Academy\venv\lib\site-packages\django\template\base.py", line 837, in _resolve_lookup
    current = getattr(current, bit)
AttributeError: 'URLResolver' object has no attribute 'name'

During handling of the above exception, another exception occurred:

Traceback (most recent call last):
  File "C:\Users\user\PycharmProjects\Industry_Academy\venv\lib\site-packages\django\template\base.py", line 843, in _resolve_lookup
    current = current[int(bit)]
ValueError: invalid literal for int() with base 10: 'name'

During handling of the above exception, another exception occurred:

Traceback (most recent call last):
  File "C:\Users\user\PycharmProjects\Industry_Academy\venv\lib\site-packages\django\template\base.py", line 850, in _resolve_lookup
    (bit, current))  # missing attribute
django.template.base.VariableDoesNotExist: Failed lookup for key [name] in <URLResolver <URLPattern list> (admin:admin) 'admin/'>
[20/Nov/2021 18:27:53] DEBUG [django.template:873] Exception while resolving variable 'name' in template 'unknown'.
Traceback (most recent call last):
  File "C:\Users\user\PycharmProjects\Industry_Academy\venv\lib\site-packages\django\core\handlers\exception.py", line 47, in inner
    response = get_response(request)
  File "C:\Users\user\PycharmProjects\Industry_Academy\venv\lib\site-packages\django\core\handlers\base.py", line 167, in _get_response
    callback, callback_args, callback_kwargs = self.resolve_request(request)
  File "C:\Users\user\PycharmProjects\Industry_Academy\venv\lib\site-packages\django\core\handlers\base.py", line 290, in resolve_request
    resolver_match = resolver.resolve(request.path_info)
  File "C:\Users\user\PycharmProjects\Industry_Academy\venv\lib\site-packages\django\urls\resolvers.py", line 585, in resolve
    raise Resolver404({'tried': tried, 'path': new_path})
django.urls.exceptions.Resolver404: {'tried': [[<URLResolver <URLPattern list> (admin:admin) 'admin/'>], [<URLPattern '' [name='index']>], [<URLPattern 'logout/' [name='logout']>], [<URLPattern 'change_password/' [name='change_password']>], [<URLResolver <module 'company.urls' from 'C:\\Users\\user\\PycharmProjects\\Industry_Academy\\company\\urls.py'> (None:None) 'company/'>], [<URLPattern '^media\/(?P<path>.*)$'>]], 'path': 'system'}

During handling of the above exception, another exception occurred:

Traceback (most recent call last):
  File "C:\Users\user\PycharmProjects\Industry_Academy\venv\lib\site-packages\django\template\base.py", line 829, in _resolve_lookup
    current = current[bit]
TypeError: 'URLResolver' object is not subscriptable

During handling of the above exception, another exception occurred:

Traceback (most recent call last):
  File "C:\Users\user\PycharmProjects\Industry_Academy\venv\lib\site-packages\django\template\base.py", line 837, in _resolve_lookup
    current = getattr(current, bit)
AttributeError: 'URLResolver' object has no attribute 'name'

During handling of the above exception, another exception occurred:

Traceback (most recent call last):
  File "C:\Users\user\PycharmProjects\Industry_Academy\venv\lib\site-packages\django\template\base.py", line 843, in _resolve_lookup
    current = current[int(bit)]
ValueError: invalid literal for int() with base 10: 'name'

During handling of the above exception, another exception occurred:

Traceback (most recent call last):
  File "C:\Users\user\PycharmProjects\Industry_Academy\venv\lib\site-packages\django\template\base.py", line 850, in _resolve_lookup
    (bit, current))  # missing attribute
django.template.base.VariableDoesNotExist: Failed lookup for key [name] in <URLResolver <module 'company.urls' from 'C:\\Users\\user\\PycharmProjects\\Industry_Academy\\company\\urls.py'> (None:None) 'company/'>
[20/Nov/2021 18:28:08] DEBUG [django.template:873] Exception while resolving variable 'name' in template 'unknown'.
Traceback (most recent call last):
  File "C:\Users\user\PycharmProjects\Industry_Academy\venv\lib\site-packages\django\core\handlers\exception.py", line 47, in inner
    response = get_response(request)
  File "C:\Users\user\PycharmProjects\Industry_Academy\venv\lib\site-packages\django\core\handlers\base.py", line 167, in _get_response
    callback, callback_args, callback_kwargs = self.resolve_request(request)
  File "C:\Users\user\PycharmProjects\Industry_Academy\venv\lib\site-packages\django\core\handlers\base.py", line 290, in resolve_request
    resolver_match = resolver.resolve(request.path_info)
  File "C:\Users\user\PycharmProjects\Industry_Academy\venv\lib\site-packages\django\urls\resolvers.py", line 585, in resolve
    raise Resolver404({'tried': tried, 'path': new_path})
django.urls.exceptions.Resolver404: {'tried': [[<URLResolver <URLPattern list> (admin:admin) 'admin/'>], [<URLPattern '' [name='index']>], [<URLPattern 'logout/' [name='logout']>], [<URLPattern 'change_password/' [name='change_password']>], [<URLResolver <module 'company.urls' from 'C:\\Users\\user\\PycharmProjects\\Industry_Academy\\company\\urls.py'> (None:None) 'company/'>], [<URLPattern '^media\/(?P<path>.*)$'>]], 'path': 'system/company/companyEdit'}

During handling of the above exception, another exception occurred:

Traceback (most recent call last):
  File "C:\Users\user\PycharmProjects\Industry_Academy\venv\lib\site-packages\django\template\base.py", line 829, in _resolve_lookup
    current = current[bit]
TypeError: 'URLResolver' object is not subscriptable

During handling of the above exception, another exception occurred:

Traceback (most recent call last):
  File "C:\Users\user\PycharmProjects\Industry_Academy\venv\lib\site-packages\django\template\base.py", line 837, in _resolve_lookup
    current = getattr(current, bit)
AttributeError: 'URLResolver' object has no attribute 'name'

During handling of the above exception, another exception occurred:

Traceback (most recent call last):
  File "C:\Users\user\PycharmProjects\Industry_Academy\venv\lib\site-packages\django\template\base.py", line 843, in _resolve_lookup
    current = current[int(bit)]
ValueError: invalid literal for int() with base 10: 'name'

During handling of the above exception, another exception occurred:

Traceback (most recent call last):
  File "C:\Users\user\PycharmProjects\Industry_Academy\venv\lib\site-packages\django\template\base.py", line 850, in _resolve_lookup
    (bit, current))  # missing attribute
django.template.base.VariableDoesNotExist: Failed lookup for key [name] in <URLResolver <URLPattern list> (admin:admin) 'admin/'>
[20/Nov/2021 18:28:08] DEBUG [django.template:873] Exception while resolving variable 'name' in template 'unknown'.
Traceback (most recent call last):
  File "C:\Users\user\PycharmProjects\Industry_Academy\venv\lib\site-packages\django\core\handlers\exception.py", line 47, in inner
    response = get_response(request)
  File "C:\Users\user\PycharmProjects\Industry_Academy\venv\lib\site-packages\django\core\handlers\base.py", line 167, in _get_response
    callback, callback_args, callback_kwargs = self.resolve_request(request)
  File "C:\Users\user\PycharmProjects\Industry_Academy\venv\lib\site-packages\django\core\handlers\base.py", line 290, in resolve_request
    resolver_match = resolver.resolve(request.path_info)
  File "C:\Users\user\PycharmProjects\Industry_Academy\venv\lib\site-packages\django\urls\resolvers.py", line 585, in resolve
    raise Resolver404({'tried': tried, 'path': new_path})
django.urls.exceptions.Resolver404: {'tried': [[<URLResolver <URLPattern list> (admin:admin) 'admin/'>], [<URLPattern '' [name='index']>], [<URLPattern 'logout/' [name='logout']>], [<URLPattern 'change_password/' [name='change_password']>], [<URLResolver <module 'company.urls' from 'C:\\Users\\user\\PycharmProjects\\Industry_Academy\\company\\urls.py'> (None:None) 'company/'>], [<URLPattern '^media\/(?P<path>.*)$'>]], 'path': 'system/company/companyEdit'}

During handling of the above exception, another exception occurred:

Traceback (most recent call last):
  File "C:\Users\user\PycharmProjects\Industry_Academy\venv\lib\site-packages\django\template\base.py", line 829, in _resolve_lookup
    current = current[bit]
TypeError: 'URLResolver' object is not subscriptable

During handling of the above exception, another exception occurred:

Traceback (most recent call last):
  File "C:\Users\user\PycharmProjects\Industry_Academy\venv\lib\site-packages\django\template\base.py", line 837, in _resolve_lookup
    current = getattr(current, bit)
AttributeError: 'URLResolver' object has no attribute 'name'

During handling of the above exception, another exception occurred:

Traceback (most recent call last):
  File "C:\Users\user\PycharmProjects\Industry_Academy\venv\lib\site-packages\django\template\base.py", line 843, in _resolve_lookup
    current = current[int(bit)]
ValueError: invalid literal for int() with base 10: 'name'

During handling of the above exception, another exception occurred:

Traceback (most recent call last):
  File "C:\Users\user\PycharmProjects\Industry_Academy\venv\lib\site-packages\django\template\base.py", line 850, in _resolve_lookup
    (bit, current))  # missing attribute
django.template.base.VariableDoesNotExist: Failed lookup for key [name] in <URLResolver <module 'company.urls' from 'C:\\Users\\user\\PycharmProjects\\Industry_Academy\\company\\urls.py'> (None:None) 'company/'>
[20/Nov/2021 18:45:31] DEBUG [django.template:873] Exception while resolving variable 'name' in template 'unknown'.
Traceback (most recent call last):
  File "C:\Users\user\PycharmProjects\Industry_Academy\venv\lib\site-packages\django\core\handlers\exception.py", line 47, in inner
    response = get_response(request)
  File "C:\Users\user\PycharmProjects\Industry_Academy\venv\lib\site-packages\django\core\handlers\base.py", line 167, in _get_response
    callback, callback_args, callback_kwargs = self.resolve_request(request)
  File "C:\Users\user\PycharmProjects\Industry_Academy\venv\lib\site-packages\django\core\handlers\base.py", line 290, in resolve_request
    resolver_match = resolver.resolve(request.path_info)
  File "C:\Users\user\PycharmProjects\Industry_Academy\venv\lib\site-packages\django\urls\resolvers.py", line 585, in resolve
    raise Resolver404({'tried': tried, 'path': new_path})
django.urls.exceptions.Resolver404: {'tried': [[<URLResolver <URLPattern list> (admin:admin) 'admin/'>], [<URLPattern '' [name='index']>], [<URLPattern 'logout/' [name='logout']>], [<URLPattern 'change_password/' [name='change_password']>], [<URLResolver <module 'company.urls' from 'C:\\Users\\user\\PycharmProjects\\Industry_Academy\\company\\urls.py'> (None:None) 'company/'>], [<URLPattern '^media\/(?P<path>.*)$'>]], 'path': 'system'}

During handling of the above exception, another exception occurred:

Traceback (most recent call last):
  File "C:\Users\user\PycharmProjects\Industry_Academy\venv\lib\site-packages\django\template\base.py", line 829, in _resolve_lookup
    current = current[bit]
TypeError: 'URLResolver' object is not subscriptable

During handling of the above exception, another exception occurred:

Traceback (most recent call last):
  File "C:\Users\user\PycharmProjects\Industry_Academy\venv\lib\site-packages\django\template\base.py", line 837, in _resolve_lookup
    current = getattr(current, bit)
AttributeError: 'URLResolver' object has no attribute 'name'

During handling of the above exception, another exception occurred:

Traceback (most recent call last):
  File "C:\Users\user\PycharmProjects\Industry_Academy\venv\lib\site-packages\django\template\base.py", line 843, in _resolve_lookup
    current = current[int(bit)]
ValueError: invalid literal for int() with base 10: 'name'

During handling of the above exception, another exception occurred:

Traceback (most recent call last):
  File "C:\Users\user\PycharmProjects\Industry_Academy\venv\lib\site-packages\django\template\base.py", line 850, in _resolve_lookup
    (bit, current))  # missing attribute
django.template.base.VariableDoesNotExist: Failed lookup for key [name] in <URLResolver <URLPattern list> (admin:admin) 'admin/'>
[20/Nov/2021 18:45:31] DEBUG [django.template:873] Exception while resolving variable 'name' in template 'unknown'.
Traceback (most recent call last):
  File "C:\Users\user\PycharmProjects\Industry_Academy\venv\lib\site-packages\django\core\handlers\exception.py", line 47, in inner
    response = get_response(request)
  File "C:\Users\user\PycharmProjects\Industry_Academy\venv\lib\site-packages\django\core\handlers\base.py", line 167, in _get_response
    callback, callback_args, callback_kwargs = self.resolve_request(request)
  File "C:\Users\user\PycharmProjects\Industry_Academy\venv\lib\site-packages\django\core\handlers\base.py", line 290, in resolve_request
    resolver_match = resolver.resolve(request.path_info)
  File "C:\Users\user\PycharmProjects\Industry_Academy\venv\lib\site-packages\django\urls\resolvers.py", line 585, in resolve
    raise Resolver404({'tried': tried, 'path': new_path})
django.urls.exceptions.Resolver404: {'tried': [[<URLResolver <URLPattern list> (admin:admin) 'admin/'>], [<URLPattern '' [name='index']>], [<URLPattern 'logout/' [name='logout']>], [<URLPattern 'change_password/' [name='change_password']>], [<URLResolver <module 'company.urls' from 'C:\\Users\\user\\PycharmProjects\\Industry_Academy\\company\\urls.py'> (None:None) 'company/'>], [<URLPattern '^media\/(?P<path>.*)$'>]], 'path': 'system'}

During handling of the above exception, another exception occurred:

Traceback (most recent call last):
  File "C:\Users\user\PycharmProjects\Industry_Academy\venv\lib\site-packages\django\template\base.py", line 829, in _resolve_lookup
    current = current[bit]
TypeError: 'URLResolver' object is not subscriptable

During handling of the above exception, another exception occurred:

Traceback (most recent call last):
  File "C:\Users\user\PycharmProjects\Industry_Academy\venv\lib\site-packages\django\template\base.py", line 837, in _resolve_lookup
    current = getattr(current, bit)
AttributeError: 'URLResolver' object has no attribute 'name'

During handling of the above exception, another exception occurred:

Traceback (most recent call last):
  File "C:\Users\user\PycharmProjects\Industry_Academy\venv\lib\site-packages\django\template\base.py", line 843, in _resolve_lookup
    current = current[int(bit)]
ValueError: invalid literal for int() with base 10: 'name'

During handling of the above exception, another exception occurred:

Traceback (most recent call last):
  File "C:\Users\user\PycharmProjects\Industry_Academy\venv\lib\site-packages\django\template\base.py", line 850, in _resolve_lookup
    (bit, current))  # missing attribute
django.template.base.VariableDoesNotExist: Failed lookup for key [name] in <URLResolver <module 'company.urls' from 'C:\\Users\\user\\PycharmProjects\\Industry_Academy\\company\\urls.py'> (None:None) 'company/'>
[20/Nov/2021 18:46:44] DEBUG [django.template:873] Exception while resolving variable 'name' in template 'unknown'.
Traceback (most recent call last):
  File "C:\Users\user\PycharmProjects\Industry_Academy\venv\lib\site-packages\django\core\handlers\exception.py", line 47, in inner
    response = get_response(request)
  File "C:\Users\user\PycharmProjects\Industry_Academy\venv\lib\site-packages\django\core\handlers\base.py", line 167, in _get_response
    callback, callback_args, callback_kwargs = self.resolve_request(request)
  File "C:\Users\user\PycharmProjects\Industry_Academy\venv\lib\site-packages\django\core\handlers\base.py", line 290, in resolve_request
    resolver_match = resolver.resolve(request.path_info)
  File "C:\Users\user\PycharmProjects\Industry_Academy\venv\lib\site-packages\django\urls\resolvers.py", line 585, in resolve
    raise Resolver404({'tried': tried, 'path': new_path})
django.urls.exceptions.Resolver404: {'tried': [[<URLResolver <URLPattern list> (admin:admin) 'admin/'>], [<URLPattern '' [name='index']>], [<URLPattern 'logout/' [name='logout']>], [<URLPattern 'change_password/' [name='change_password']>], [<URLResolver <module 'company.urls' from 'C:\\Users\\user\\PycharmProjects\\Industry_Academy\\company\\urls.py'> (None:None) 'company/'>], [<URLResolver <module 'manager.urls' from 'C:\\Users\\user\\PycharmProjects\\Industry_Academy\\manager\\urls.py'> (None:None) 'manager/'>], [<URLPattern '^media\/(?P<path>.*)$'>]], 'path': 'listCompany'}

During handling of the above exception, another exception occurred:

Traceback (most recent call last):
  File "C:\Users\user\PycharmProjects\Industry_Academy\venv\lib\site-packages\django\template\base.py", line 829, in _resolve_lookup
    current = current[bit]
TypeError: 'URLResolver' object is not subscriptable

During handling of the above exception, another exception occurred:

Traceback (most recent call last):
  File "C:\Users\user\PycharmProjects\Industry_Academy\venv\lib\site-packages\django\template\base.py", line 837, in _resolve_lookup
    current = getattr(current, bit)
AttributeError: 'URLResolver' object has no attribute 'name'

During handling of the above exception, another exception occurred:

Traceback (most recent call last):
  File "C:\Users\user\PycharmProjects\Industry_Academy\venv\lib\site-packages\django\template\base.py", line 843, in _resolve_lookup
    current = current[int(bit)]
ValueError: invalid literal for int() with base 10: 'name'

During handling of the above exception, another exception occurred:

Traceback (most recent call last):
  File "C:\Users\user\PycharmProjects\Industry_Academy\venv\lib\site-packages\django\template\base.py", line 850, in _resolve_lookup
    (bit, current))  # missing attribute
django.template.base.VariableDoesNotExist: Failed lookup for key [name] in <URLResolver <URLPattern list> (admin:admin) 'admin/'>
[20/Nov/2021 18:46:44] DEBUG [django.template:873] Exception while resolving variable 'name' in template 'unknown'.
Traceback (most recent call last):
  File "C:\Users\user\PycharmProjects\Industry_Academy\venv\lib\site-packages\django\core\handlers\exception.py", line 47, in inner
    response = get_response(request)
  File "C:\Users\user\PycharmProjects\Industry_Academy\venv\lib\site-packages\django\core\handlers\base.py", line 167, in _get_response
    callback, callback_args, callback_kwargs = self.resolve_request(request)
  File "C:\Users\user\PycharmProjects\Industry_Academy\venv\lib\site-packages\django\core\handlers\base.py", line 290, in resolve_request
    resolver_match = resolver.resolve(request.path_info)
  File "C:\Users\user\PycharmProjects\Industry_Academy\venv\lib\site-packages\django\urls\resolvers.py", line 585, in resolve
    raise Resolver404({'tried': tried, 'path': new_path})
django.urls.exceptions.Resolver404: {'tried': [[<URLResolver <URLPattern list> (admin:admin) 'admin/'>], [<URLPattern '' [name='index']>], [<URLPattern 'logout/' [name='logout']>], [<URLPattern 'change_password/' [name='change_password']>], [<URLResolver <module 'company.urls' from 'C:\\Users\\user\\PycharmProjects\\Industry_Academy\\company\\urls.py'> (None:None) 'company/'>], [<URLResolver <module 'manager.urls' from 'C:\\Users\\user\\PycharmProjects\\Industry_Academy\\manager\\urls.py'> (None:None) 'manager/'>], [<URLPattern '^media\/(?P<path>.*)$'>]], 'path': 'listCompany'}

During handling of the above exception, another exception occurred:

Traceback (most recent call last):
  File "C:\Users\user\PycharmProjects\Industry_Academy\venv\lib\site-packages\django\template\base.py", line 829, in _resolve_lookup
    current = current[bit]
TypeError: 'URLResolver' object is not subscriptable

During handling of the above exception, another exception occurred:

Traceback (most recent call last):
  File "C:\Users\user\PycharmProjects\Industry_Academy\venv\lib\site-packages\django\template\base.py", line 837, in _resolve_lookup
    current = getattr(current, bit)
AttributeError: 'URLResolver' object has no attribute 'name'

During handling of the above exception, another exception occurred:

Traceback (most recent call last):
  File "C:\Users\user\PycharmProjects\Industry_Academy\venv\lib\site-packages\django\template\base.py", line 843, in _resolve_lookup
    current = current[int(bit)]
ValueError: invalid literal for int() with base 10: 'name'

During handling of the above exception, another exception occurred:

Traceback (most recent call last):
  File "C:\Users\user\PycharmProjects\Industry_Academy\venv\lib\site-packages\django\template\base.py", line 850, in _resolve_lookup
    (bit, current))  # missing attribute
django.template.base.VariableDoesNotExist: Failed lookup for key [name] in <URLResolver <module 'company.urls' from 'C:\\Users\\user\\PycharmProjects\\Industry_Academy\\company\\urls.py'> (None:None) 'company/'>
[20/Nov/2021 18:46:44] DEBUG [django.template:873] Exception while resolving variable 'name' in template 'unknown'.
Traceback (most recent call last):
  File "C:\Users\user\PycharmProjects\Industry_Academy\venv\lib\site-packages\django\core\handlers\exception.py", line 47, in inner
    response = get_response(request)
  File "C:\Users\user\PycharmProjects\Industry_Academy\venv\lib\site-packages\django\core\handlers\base.py", line 167, in _get_response
    callback, callback_args, callback_kwargs = self.resolve_request(request)
  File "C:\Users\user\PycharmProjects\Industry_Academy\venv\lib\site-packages\django\core\handlers\base.py", line 290, in resolve_request
    resolver_match = resolver.resolve(request.path_info)
  File "C:\Users\user\PycharmProjects\Industry_Academy\venv\lib\site-packages\django\urls\resolvers.py", line 585, in resolve
    raise Resolver404({'tried': tried, 'path': new_path})
django.urls.exceptions.Resolver404: {'tried': [[<URLResolver <URLPattern list> (admin:admin) 'admin/'>], [<URLPattern '' [name='index']>], [<URLPattern 'logout/' [name='logout']>], [<URLPattern 'change_password/' [name='change_password']>], [<URLResolver <module 'company.urls' from 'C:\\Users\\user\\PycharmProjects\\Industry_Academy\\company\\urls.py'> (None:None) 'company/'>], [<URLResolver <module 'manager.urls' from 'C:\\Users\\user\\PycharmProjects\\Industry_Academy\\manager\\urls.py'> (None:None) 'manager/'>], [<URLPattern '^media\/(?P<path>.*)$'>]], 'path': 'listCompany'}

During handling of the above exception, another exception occurred:

Traceback (most recent call last):
  File "C:\Users\user\PycharmProjects\Industry_Academy\venv\lib\site-packages\django\template\base.py", line 829, in _resolve_lookup
    current = current[bit]
TypeError: 'URLResolver' object is not subscriptable

During handling of the above exception, another exception occurred:

Traceback (most recent call last):
  File "C:\Users\user\PycharmProjects\Industry_Academy\venv\lib\site-packages\django\template\base.py", line 837, in _resolve_lookup
    current = getattr(current, bit)
AttributeError: 'URLResolver' object has no attribute 'name'

During handling of the above exception, another exception occurred:

Traceback (most recent call last):
  File "C:\Users\user\PycharmProjects\Industry_Academy\venv\lib\site-packages\django\template\base.py", line 843, in _resolve_lookup
    current = current[int(bit)]
ValueError: invalid literal for int() with base 10: 'name'

During handling of the above exception, another exception occurred:

Traceback (most recent call last):
  File "C:\Users\user\PycharmProjects\Industry_Academy\venv\lib\site-packages\django\template\base.py", line 850, in _resolve_lookup
    (bit, current))  # missing attribute
django.template.base.VariableDoesNotExist: Failed lookup for key [name] in <URLResolver <module 'manager.urls' from 'C:\\Users\\user\\PycharmProjects\\Industry_Academy\\manager\\urls.py'> (None:None) 'manager/'>
[20/Nov/2021 18:47:35] DEBUG [django.template:873] Exception while resolving variable 'name' in template 'unknown'.
Traceback (most recent call last):
  File "C:\Users\user\PycharmProjects\Industry_Academy\venv\lib\site-packages\django\core\handlers\exception.py", line 47, in inner
    response = get_response(request)
  File "C:\Users\user\PycharmProjects\Industry_Academy\venv\lib\site-packages\django\core\handlers\base.py", line 167, in _get_response
    callback, callback_args, callback_kwargs = self.resolve_request(request)
  File "C:\Users\user\PycharmProjects\Industry_Academy\venv\lib\site-packages\django\core\handlers\base.py", line 290, in resolve_request
    resolver_match = resolver.resolve(request.path_info)
  File "C:\Users\user\PycharmProjects\Industry_Academy\venv\lib\site-packages\django\urls\resolvers.py", line 585, in resolve
    raise Resolver404({'tried': tried, 'path': new_path})
django.urls.exceptions.Resolver404: {'tried': [[<URLResolver <URLPattern list> (admin:admin) 'admin/'>], [<URLPattern '' [name='index']>], [<URLPattern 'logout/' [name='logout']>], [<URLPattern 'change_password/' [name='change_password']>], [<URLResolver <module 'company.urls' from 'C:\\Users\\user\\PycharmProjects\\Industry_Academy\\company\\urls.py'> (None:None) 'company/'>], [<URLResolver <module 'manager.urls' from 'C:\\Users\\user\\PycharmProjects\\Industry_Academy\\manager\\urls.py'> (None:None) 'manager/'>], [<URLPattern '^media\/(?P<path>.*)$'>]], 'path': 'system'}

During handling of the above exception, another exception occurred:

Traceback (most recent call last):
  File "C:\Users\user\PycharmProjects\Industry_Academy\venv\lib\site-packages\django\template\base.py", line 829, in _resolve_lookup
    current = current[bit]
TypeError: 'URLResolver' object is not subscriptable

During handling of the above exception, another exception occurred:

Traceback (most recent call last):
  File "C:\Users\user\PycharmProjects\Industry_Academy\venv\lib\site-packages\django\template\base.py", line 837, in _resolve_lookup
    current = getattr(current, bit)
AttributeError: 'URLResolver' object has no attribute 'name'

During handling of the above exception, another exception occurred:

Traceback (most recent call last):
  File "C:\Users\user\PycharmProjects\Industry_Academy\venv\lib\site-packages\django\template\base.py", line 843, in _resolve_lookup
    current = current[int(bit)]
ValueError: invalid literal for int() with base 10: 'name'

During handling of the above exception, another exception occurred:

Traceback (most recent call last):
  File "C:\Users\user\PycharmProjects\Industry_Academy\venv\lib\site-packages\django\template\base.py", line 850, in _resolve_lookup
    (bit, current))  # missing attribute
django.template.base.VariableDoesNotExist: Failed lookup for key [name] in <URLResolver <URLPattern list> (admin:admin) 'admin/'>
[20/Nov/2021 18:47:35] DEBUG [django.template:873] Exception while resolving variable 'name' in template 'unknown'.
Traceback (most recent call last):
  File "C:\Users\user\PycharmProjects\Industry_Academy\venv\lib\site-packages\django\core\handlers\exception.py", line 47, in inner
    response = get_response(request)
  File "C:\Users\user\PycharmProjects\Industry_Academy\venv\lib\site-packages\django\core\handlers\base.py", line 167, in _get_response
    callback, callback_args, callback_kwargs = self.resolve_request(request)
  File "C:\Users\user\PycharmProjects\Industry_Academy\venv\lib\site-packages\django\core\handlers\base.py", line 290, in resolve_request
    resolver_match = resolver.resolve(request.path_info)
  File "C:\Users\user\PycharmProjects\Industry_Academy\venv\lib\site-packages\django\urls\resolvers.py", line 585, in resolve
    raise Resolver404({'tried': tried, 'path': new_path})
django.urls.exceptions.Resolver404: {'tried': [[<URLResolver <URLPattern list> (admin:admin) 'admin/'>], [<URLPattern '' [name='index']>], [<URLPattern 'logout/' [name='logout']>], [<URLPattern 'change_password/' [name='change_password']>], [<URLResolver <module 'company.urls' from 'C:\\Users\\user\\PycharmProjects\\Industry_Academy\\company\\urls.py'> (None:None) 'company/'>], [<URLResolver <module 'manager.urls' from 'C:\\Users\\user\\PycharmProjects\\Industry_Academy\\manager\\urls.py'> (None:None) 'manager/'>], [<URLPattern '^media\/(?P<path>.*)$'>]], 'path': 'system'}

During handling of the above exception, another exception occurred:

Traceback (most recent call last):
  File "C:\Users\user\PycharmProjects\Industry_Academy\venv\lib\site-packages\django\template\base.py", line 829, in _resolve_lookup
    current = current[bit]
TypeError: 'URLResolver' object is not subscriptable

During handling of the above exception, another exception occurred:

Traceback (most recent call last):
  File "C:\Users\user\PycharmProjects\Industry_Academy\venv\lib\site-packages\django\template\base.py", line 837, in _resolve_lookup
    current = getattr(current, bit)
AttributeError: 'URLResolver' object has no attribute 'name'

During handling of the above exception, another exception occurred:

Traceback (most recent call last):
  File "C:\Users\user\PycharmProjects\Industry_Academy\venv\lib\site-packages\django\template\base.py", line 843, in _resolve_lookup
    current = current[int(bit)]
ValueError: invalid literal for int() with base 10: 'name'

During handling of the above exception, another exception occurred:

Traceback (most recent call last):
  File "C:\Users\user\PycharmProjects\Industry_Academy\venv\lib\site-packages\django\template\base.py", line 850, in _resolve_lookup
    (bit, current))  # missing attribute
django.template.base.VariableDoesNotExist: Failed lookup for key [name] in <URLResolver <module 'company.urls' from 'C:\\Users\\user\\PycharmProjects\\Industry_Academy\\company\\urls.py'> (None:None) 'company/'>
[20/Nov/2021 18:47:35] DEBUG [django.template:873] Exception while resolving variable 'name' in template 'unknown'.
Traceback (most recent call last):
  File "C:\Users\user\PycharmProjects\Industry_Academy\venv\lib\site-packages\django\core\handlers\exception.py", line 47, in inner
    response = get_response(request)
  File "C:\Users\user\PycharmProjects\Industry_Academy\venv\lib\site-packages\django\core\handlers\base.py", line 167, in _get_response
    callback, callback_args, callback_kwargs = self.resolve_request(request)
  File "C:\Users\user\PycharmProjects\Industry_Academy\venv\lib\site-packages\django\core\handlers\base.py", line 290, in resolve_request
    resolver_match = resolver.resolve(request.path_info)
  File "C:\Users\user\PycharmProjects\Industry_Academy\venv\lib\site-packages\django\urls\resolvers.py", line 585, in resolve
    raise Resolver404({'tried': tried, 'path': new_path})
django.urls.exceptions.Resolver404: {'tried': [[<URLResolver <URLPattern list> (admin:admin) 'admin/'>], [<URLPattern '' [name='index']>], [<URLPattern 'logout/' [name='logout']>], [<URLPattern 'change_password/' [name='change_password']>], [<URLResolver <module 'company.urls' from 'C:\\Users\\user\\PycharmProjects\\Industry_Academy\\company\\urls.py'> (None:None) 'company/'>], [<URLResolver <module 'manager.urls' from 'C:\\Users\\user\\PycharmProjects\\Industry_Academy\\manager\\urls.py'> (None:None) 'manager/'>], [<URLPattern '^media\/(?P<path>.*)$'>]], 'path': 'system'}

During handling of the above exception, another exception occurred:

Traceback (most recent call last):
  File "C:\Users\user\PycharmProjects\Industry_Academy\venv\lib\site-packages\django\template\base.py", line 829, in _resolve_lookup
    current = current[bit]
TypeError: 'URLResolver' object is not subscriptable

During handling of the above exception, another exception occurred:

Traceback (most recent call last):
  File "C:\Users\user\PycharmProjects\Industry_Academy\venv\lib\site-packages\django\template\base.py", line 837, in _resolve_lookup
    current = getattr(current, bit)
AttributeError: 'URLResolver' object has no attribute 'name'

During handling of the above exception, another exception occurred:

Traceback (most recent call last):
  File "C:\Users\user\PycharmProjects\Industry_Academy\venv\lib\site-packages\django\template\base.py", line 843, in _resolve_lookup
    current = current[int(bit)]
ValueError: invalid literal for int() with base 10: 'name'

During handling of the above exception, another exception occurred:

Traceback (most recent call last):
  File "C:\Users\user\PycharmProjects\Industry_Academy\venv\lib\site-packages\django\template\base.py", line 850, in _resolve_lookup
    (bit, current))  # missing attribute
django.template.base.VariableDoesNotExist: Failed lookup for key [name] in <URLResolver <module 'manager.urls' from 'C:\\Users\\user\\PycharmProjects\\Industry_Academy\\manager\\urls.py'> (None:None) 'manager/'>
[20/Nov/2021 18:47:42] DEBUG [django.template:873] Exception while resolving variable 'name' in template 'unknown'.
Traceback (most recent call last):
  File "C:\Users\user\PycharmProjects\Industry_Academy\venv\lib\site-packages\django\core\handlers\exception.py", line 47, in inner
    response = get_response(request)
  File "C:\Users\user\PycharmProjects\Industry_Academy\venv\lib\site-packages\django\core\handlers\base.py", line 167, in _get_response
    callback, callback_args, callback_kwargs = self.resolve_request(request)
  File "C:\Users\user\PycharmProjects\Industry_Academy\venv\lib\site-packages\django\core\handlers\base.py", line 290, in resolve_request
    resolver_match = resolver.resolve(request.path_info)
  File "C:\Users\user\PycharmProjects\Industry_Academy\venv\lib\site-packages\django\urls\resolvers.py", line 585, in resolve
    raise Resolver404({'tried': tried, 'path': new_path})
django.urls.exceptions.Resolver404: {'tried': [[<URLResolver <URLPattern list> (admin:admin) 'admin/'>], [<URLPattern '' [name='index']>], [<URLPattern 'logout/' [name='logout']>], [<URLPattern 'change_password/' [name='change_password']>], [<URLResolver <module 'company.urls' from 'C:\\Users\\user\\PycharmProjects\\Industry_Academy\\company\\urls.py'> (None:None) 'company/'>], [<URLResolver <module 'manager.urls' from 'C:\\Users\\user\\PycharmProjects\\Industry_Academy\\manager\\urls.py'> (None:None) 'manager/'>], [<URLPattern '^media\/(?P<path>.*)$'>]], 'path': 'system/manager'}

During handling of the above exception, another exception occurred:

Traceback (most recent call last):
  File "C:\Users\user\PycharmProjects\Industry_Academy\venv\lib\site-packages\django\template\base.py", line 829, in _resolve_lookup
    current = current[bit]
TypeError: 'URLResolver' object is not subscriptable

During handling of the above exception, another exception occurred:

Traceback (most recent call last):
  File "C:\Users\user\PycharmProjects\Industry_Academy\venv\lib\site-packages\django\template\base.py", line 837, in _resolve_lookup
    current = getattr(current, bit)
AttributeError: 'URLResolver' object has no attribute 'name'

During handling of the above exception, another exception occurred:

Traceback (most recent call last):
  File "C:\Users\user\PycharmProjects\Industry_Academy\venv\lib\site-packages\django\template\base.py", line 843, in _resolve_lookup
    current = current[int(bit)]
ValueError: invalid literal for int() with base 10: 'name'

During handling of the above exception, another exception occurred:

Traceback (most recent call last):
  File "C:\Users\user\PycharmProjects\Industry_Academy\venv\lib\site-packages\django\template\base.py", line 850, in _resolve_lookup
    (bit, current))  # missing attribute
django.template.base.VariableDoesNotExist: Failed lookup for key [name] in <URLResolver <URLPattern list> (admin:admin) 'admin/'>
[20/Nov/2021 18:47:42] DEBUG [django.template:873] Exception while resolving variable 'name' in template 'unknown'.
Traceback (most recent call last):
  File "C:\Users\user\PycharmProjects\Industry_Academy\venv\lib\site-packages\django\core\handlers\exception.py", line 47, in inner
    response = get_response(request)
  File "C:\Users\user\PycharmProjects\Industry_Academy\venv\lib\site-packages\django\core\handlers\base.py", line 167, in _get_response
    callback, callback_args, callback_kwargs = self.resolve_request(request)
  File "C:\Users\user\PycharmProjects\Industry_Academy\venv\lib\site-packages\django\core\handlers\base.py", line 290, in resolve_request
    resolver_match = resolver.resolve(request.path_info)
  File "C:\Users\user\PycharmProjects\Industry_Academy\venv\lib\site-packages\django\urls\resolvers.py", line 585, in resolve
    raise Resolver404({'tried': tried, 'path': new_path})
django.urls.exceptions.Resolver404: {'tried': [[<URLResolver <URLPattern list> (admin:admin) 'admin/'>], [<URLPattern '' [name='index']>], [<URLPattern 'logout/' [name='logout']>], [<URLPattern 'change_password/' [name='change_password']>], [<URLResolver <module 'company.urls' from 'C:\\Users\\user\\PycharmProjects\\Industry_Academy\\company\\urls.py'> (None:None) 'company/'>], [<URLResolver <module 'manager.urls' from 'C:\\Users\\user\\PycharmProjects\\Industry_Academy\\manager\\urls.py'> (None:None) 'manager/'>], [<URLPattern '^media\/(?P<path>.*)$'>]], 'path': 'system/manager'}

During handling of the above exception, another exception occurred:

Traceback (most recent call last):
  File "C:\Users\user\PycharmProjects\Industry_Academy\venv\lib\site-packages\django\template\base.py", line 829, in _resolve_lookup
    current = current[bit]
TypeError: 'URLResolver' object is not subscriptable

During handling of the above exception, another exception occurred:

Traceback (most recent call last):
  File "C:\Users\user\PycharmProjects\Industry_Academy\venv\lib\site-packages\django\template\base.py", line 837, in _resolve_lookup
    current = getattr(current, bit)
AttributeError: 'URLResolver' object has no attribute 'name'

During handling of the above exception, another exception occurred:

Traceback (most recent call last):
  File "C:\Users\user\PycharmProjects\Industry_Academy\venv\lib\site-packages\django\template\base.py", line 843, in _resolve_lookup
    current = current[int(bit)]
ValueError: invalid literal for int() with base 10: 'name'

During handling of the above exception, another exception occurred:

Traceback (most recent call last):
  File "C:\Users\user\PycharmProjects\Industry_Academy\venv\lib\site-packages\django\template\base.py", line 850, in _resolve_lookup
    (bit, current))  # missing attribute
django.template.base.VariableDoesNotExist: Failed lookup for key [name] in <URLResolver <module 'company.urls' from 'C:\\Users\\user\\PycharmProjects\\Industry_Academy\\company\\urls.py'> (None:None) 'company/'>
[20/Nov/2021 18:47:42] DEBUG [django.template:873] Exception while resolving variable 'name' in template 'unknown'.
Traceback (most recent call last):
  File "C:\Users\user\PycharmProjects\Industry_Academy\venv\lib\site-packages\django\core\handlers\exception.py", line 47, in inner
    response = get_response(request)
  File "C:\Users\user\PycharmProjects\Industry_Academy\venv\lib\site-packages\django\core\handlers\base.py", line 167, in _get_response
    callback, callback_args, callback_kwargs = self.resolve_request(request)
  File "C:\Users\user\PycharmProjects\Industry_Academy\venv\lib\site-packages\django\core\handlers\base.py", line 290, in resolve_request
    resolver_match = resolver.resolve(request.path_info)
  File "C:\Users\user\PycharmProjects\Industry_Academy\venv\lib\site-packages\django\urls\resolvers.py", line 585, in resolve
    raise Resolver404({'tried': tried, 'path': new_path})
django.urls.exceptions.Resolver404: {'tried': [[<URLResolver <URLPattern list> (admin:admin) 'admin/'>], [<URLPattern '' [name='index']>], [<URLPattern 'logout/' [name='logout']>], [<URLPattern 'change_password/' [name='change_password']>], [<URLResolver <module 'company.urls' from 'C:\\Users\\user\\PycharmProjects\\Industry_Academy\\company\\urls.py'> (None:None) 'company/'>], [<URLResolver <module 'manager.urls' from 'C:\\Users\\user\\PycharmProjects\\Industry_Academy\\manager\\urls.py'> (None:None) 'manager/'>], [<URLPattern '^media\/(?P<path>.*)$'>]], 'path': 'system/manager'}

During handling of the above exception, another exception occurred:

Traceback (most recent call last):
  File "C:\Users\user\PycharmProjects\Industry_Academy\venv\lib\site-packages\django\template\base.py", line 829, in _resolve_lookup
    current = current[bit]
TypeError: 'URLResolver' object is not subscriptable

During handling of the above exception, another exception occurred:

Traceback (most recent call last):
  File "C:\Users\user\PycharmProjects\Industry_Academy\venv\lib\site-packages\django\template\base.py", line 837, in _resolve_lookup
    current = getattr(current, bit)
AttributeError: 'URLResolver' object has no attribute 'name'

During handling of the above exception, another exception occurred:

Traceback (most recent call last):
  File "C:\Users\user\PycharmProjects\Industry_Academy\venv\lib\site-packages\django\template\base.py", line 843, in _resolve_lookup
    current = current[int(bit)]
ValueError: invalid literal for int() with base 10: 'name'

During handling of the above exception, another exception occurred:

Traceback (most recent call last):
  File "C:\Users\user\PycharmProjects\Industry_Academy\venv\lib\site-packages\django\template\base.py", line 850, in _resolve_lookup
    (bit, current))  # missing attribute
django.template.base.VariableDoesNotExist: Failed lookup for key [name] in <URLResolver <module 'manager.urls' from 'C:\\Users\\user\\PycharmProjects\\Industry_Academy\\manager\\urls.py'> (None:None) 'manager/'>
[20/Nov/2021 18:48:00] DEBUG [django.template:873] Exception while resolving variable 'name' in template 'unknown'.
Traceback (most recent call last):
  File "C:\Users\user\PycharmProjects\Industry_Academy\venv\lib\site-packages\django\core\handlers\exception.py", line 47, in inner
    response = get_response(request)
  File "C:\Users\user\PycharmProjects\Industry_Academy\venv\lib\site-packages\django\core\handlers\base.py", line 167, in _get_response
    callback, callback_args, callback_kwargs = self.resolve_request(request)
  File "C:\Users\user\PycharmProjects\Industry_Academy\venv\lib\site-packages\django\core\handlers\base.py", line 290, in resolve_request
    resolver_match = resolver.resolve(request.path_info)
  File "C:\Users\user\PycharmProjects\Industry_Academy\venv\lib\site-packages\django\urls\resolvers.py", line 585, in resolve
    raise Resolver404({'tried': tried, 'path': new_path})
django.urls.exceptions.Resolver404: {'tried': [[<URLResolver <URLPattern list> (admin:admin) 'admin/'>], [<URLPattern '' [name='index']>], [<URLPattern 'logout/' [name='logout']>], [<URLPattern 'change_password/' [name='change_password']>], [<URLResolver <module 'company.urls' from 'C:\\Users\\user\\PycharmProjects\\Industry_Academy\\company\\urls.py'> (None:None) 'company/'>], [<URLResolver <module 'manager.urls' from 'C:\\Users\\user\\PycharmProjects\\Industry_Academy\\manager\\urls.py'> (None:None) 'manager/'>], [<URLPattern '^media\/(?P<path>.*)$'>]], 'path': 'system/manager/schedule'}

During handling of the above exception, another exception occurred:

Traceback (most recent call last):
  File "C:\Users\user\PycharmProjects\Industry_Academy\venv\lib\site-packages\django\template\base.py", line 829, in _resolve_lookup
    current = current[bit]
TypeError: 'URLResolver' object is not subscriptable

During handling of the above exception, another exception occurred:

Traceback (most recent call last):
  File "C:\Users\user\PycharmProjects\Industry_Academy\venv\lib\site-packages\django\template\base.py", line 837, in _resolve_lookup
    current = getattr(current, bit)
AttributeError: 'URLResolver' object has no attribute 'name'

During handling of the above exception, another exception occurred:

Traceback (most recent call last):
  File "C:\Users\user\PycharmProjects\Industry_Academy\venv\lib\site-packages\django\template\base.py", line 843, in _resolve_lookup
    current = current[int(bit)]
ValueError: invalid literal for int() with base 10: 'name'

During handling of the above exception, another exception occurred:

Traceback (most recent call last):
  File "C:\Users\user\PycharmProjects\Industry_Academy\venv\lib\site-packages\django\template\base.py", line 850, in _resolve_lookup
    (bit, current))  # missing attribute
django.template.base.VariableDoesNotExist: Failed lookup for key [name] in <URLResolver <URLPattern list> (admin:admin) 'admin/'>
[20/Nov/2021 18:48:00] DEBUG [django.template:873] Exception while resolving variable 'name' in template 'unknown'.
Traceback (most recent call last):
  File "C:\Users\user\PycharmProjects\Industry_Academy\venv\lib\site-packages\django\core\handlers\exception.py", line 47, in inner
    response = get_response(request)
  File "C:\Users\user\PycharmProjects\Industry_Academy\venv\lib\site-packages\django\core\handlers\base.py", line 167, in _get_response
    callback, callback_args, callback_kwargs = self.resolve_request(request)
  File "C:\Users\user\PycharmProjects\Industry_Academy\venv\lib\site-packages\django\core\handlers\base.py", line 290, in resolve_request
    resolver_match = resolver.resolve(request.path_info)
  File "C:\Users\user\PycharmProjects\Industry_Academy\venv\lib\site-packages\django\urls\resolvers.py", line 585, in resolve
    raise Resolver404({'tried': tried, 'path': new_path})
django.urls.exceptions.Resolver404: {'tried': [[<URLResolver <URLPattern list> (admin:admin) 'admin/'>], [<URLPattern '' [name='index']>], [<URLPattern 'logout/' [name='logout']>], [<URLPattern 'change_password/' [name='change_password']>], [<URLResolver <module 'company.urls' from 'C:\\Users\\user\\PycharmProjects\\Industry_Academy\\company\\urls.py'> (None:None) 'company/'>], [<URLResolver <module 'manager.urls' from 'C:\\Users\\user\\PycharmProjects\\Industry_Academy\\manager\\urls.py'> (None:None) 'manager/'>], [<URLPattern '^media\/(?P<path>.*)$'>]], 'path': 'system/manager/schedule'}

During handling of the above exception, another exception occurred:

Traceback (most recent call last):
  File "C:\Users\user\PycharmProjects\Industry_Academy\venv\lib\site-packages\django\template\base.py", line 829, in _resolve_lookup
    current = current[bit]
TypeError: 'URLResolver' object is not subscriptable

During handling of the above exception, another exception occurred:

Traceback (most recent call last):
  File "C:\Users\user\PycharmProjects\Industry_Academy\venv\lib\site-packages\django\template\base.py", line 837, in _resolve_lookup
    current = getattr(current, bit)
AttributeError: 'URLResolver' object has no attribute 'name'

During handling of the above exception, another exception occurred:

Traceback (most recent call last):
  File "C:\Users\user\PycharmProjects\Industry_Academy\venv\lib\site-packages\django\template\base.py", line 843, in _resolve_lookup
    current = current[int(bit)]
ValueError: invalid literal for int() with base 10: 'name'

During handling of the above exception, another exception occurred:

Traceback (most recent call last):
  File "C:\Users\user\PycharmProjects\Industry_Academy\venv\lib\site-packages\django\template\base.py", line 850, in _resolve_lookup
    (bit, current))  # missing attribute
django.template.base.VariableDoesNotExist: Failed lookup for key [name] in <URLResolver <module 'company.urls' from 'C:\\Users\\user\\PycharmProjects\\Industry_Academy\\company\\urls.py'> (None:None) 'company/'>
[20/Nov/2021 18:48:00] DEBUG [django.template:873] Exception while resolving variable 'name' in template 'unknown'.
Traceback (most recent call last):
  File "C:\Users\user\PycharmProjects\Industry_Academy\venv\lib\site-packages\django\core\handlers\exception.py", line 47, in inner
    response = get_response(request)
  File "C:\Users\user\PycharmProjects\Industry_Academy\venv\lib\site-packages\django\core\handlers\base.py", line 167, in _get_response
    callback, callback_args, callback_kwargs = self.resolve_request(request)
  File "C:\Users\user\PycharmProjects\Industry_Academy\venv\lib\site-packages\django\core\handlers\base.py", line 290, in resolve_request
    resolver_match = resolver.resolve(request.path_info)
  File "C:\Users\user\PycharmProjects\Industry_Academy\venv\lib\site-packages\django\urls\resolvers.py", line 585, in resolve
    raise Resolver404({'tried': tried, 'path': new_path})
django.urls.exceptions.Resolver404: {'tried': [[<URLResolver <URLPattern list> (admin:admin) 'admin/'>], [<URLPattern '' [name='index']>], [<URLPattern 'logout/' [name='logout']>], [<URLPattern 'change_password/' [name='change_password']>], [<URLResolver <module 'company.urls' from 'C:\\Users\\user\\PycharmProjects\\Industry_Academy\\company\\urls.py'> (None:None) 'company/'>], [<URLResolver <module 'manager.urls' from 'C:\\Users\\user\\PycharmProjects\\Industry_Academy\\manager\\urls.py'> (None:None) 'manager/'>], [<URLPattern '^media\/(?P<path>.*)$'>]], 'path': 'system/manager/schedule'}

During handling of the above exception, another exception occurred:

Traceback (most recent call last):
  File "C:\Users\user\PycharmProjects\Industry_Academy\venv\lib\site-packages\django\template\base.py", line 829, in _resolve_lookup
    current = current[bit]
TypeError: 'URLResolver' object is not subscriptable

During handling of the above exception, another exception occurred:

Traceback (most recent call last):
  File "C:\Users\user\PycharmProjects\Industry_Academy\venv\lib\site-packages\django\template\base.py", line 837, in _resolve_lookup
    current = getattr(current, bit)
AttributeError: 'URLResolver' object has no attribute 'name'

During handling of the above exception, another exception occurred:

Traceback (most recent call last):
  File "C:\Users\user\PycharmProjects\Industry_Academy\venv\lib\site-packages\django\template\base.py", line 843, in _resolve_lookup
    current = current[int(bit)]
ValueError: invalid literal for int() with base 10: 'name'

During handling of the above exception, another exception occurred:

Traceback (most recent call last):
  File "C:\Users\user\PycharmProjects\Industry_Academy\venv\lib\site-packages\django\template\base.py", line 850, in _resolve_lookup
    (bit, current))  # missing attribute
django.template.base.VariableDoesNotExist: Failed lookup for key [name] in <URLResolver <module 'manager.urls' from 'C:\\Users\\user\\PycharmProjects\\Industry_Academy\\manager\\urls.py'> (None:None) 'manager/'>
[20/Nov/2021 21:05:13] DEBUG [django.template:873] Exception while resolving variable 'name' in template 'unknown'.
Traceback (most recent call last):
  File "C:\Users\user\PycharmProjects\Industry_Academy\venv\lib\site-packages\django\core\handlers\exception.py", line 47, in inner
    response = get_response(request)
  File "C:\Users\user\PycharmProjects\Industry_Academy\venv\lib\site-packages\django\core\handlers\base.py", line 167, in _get_response
    callback, callback_args, callback_kwargs = self.resolve_request(request)
  File "C:\Users\user\PycharmProjects\Industry_Academy\venv\lib\site-packages\django\core\handlers\base.py", line 290, in resolve_request
    resolver_match = resolver.resolve(request.path_info)
  File "C:\Users\user\PycharmProjects\Industry_Academy\venv\lib\site-packages\django\urls\resolvers.py", line 585, in resolve
    raise Resolver404({'tried': tried, 'path': new_path})
django.urls.exceptions.Resolver404: {'tried': [[<URLResolver <URLPattern list> (admin:admin) 'admin/'>], [<URLPattern '' [name='index']>], [<URLPattern 'logout/' [name='logout']>], [<URLPattern 'change_password/' [name='change_password']>], [<URLResolver <module 'company.urls' from 'C:\\Users\\user\\PycharmProjects\\Industry_Academy\\company\\urls.py'> (None:None) 'company/'>], [<URLResolver <module 'manager.urls' from 'C:\\Users\\user\\PycharmProjects\\Industry_Academy\\manager\\urls.py'> (None:None) 'manager/'>], [<URLPattern '^media\/(?P<path>.*)$'>]], 'path': 'system/manager/createUser'}

During handling of the above exception, another exception occurred:

Traceback (most recent call last):
  File "C:\Users\user\PycharmProjects\Industry_Academy\venv\lib\site-packages\django\template\base.py", line 829, in _resolve_lookup
    current = current[bit]
TypeError: 'URLResolver' object is not subscriptable

During handling of the above exception, another exception occurred:

Traceback (most recent call last):
  File "C:\Users\user\PycharmProjects\Industry_Academy\venv\lib\site-packages\django\template\base.py", line 837, in _resolve_lookup
    current = getattr(current, bit)
AttributeError: 'URLResolver' object has no attribute 'name'

During handling of the above exception, another exception occurred:

Traceback (most recent call last):
  File "C:\Users\user\PycharmProjects\Industry_Academy\venv\lib\site-packages\django\template\base.py", line 843, in _resolve_lookup
    current = current[int(bit)]
ValueError: invalid literal for int() with base 10: 'name'

During handling of the above exception, another exception occurred:

Traceback (most recent call last):
  File "C:\Users\user\PycharmProjects\Industry_Academy\venv\lib\site-packages\django\template\base.py", line 850, in _resolve_lookup
    (bit, current))  # missing attribute
django.template.base.VariableDoesNotExist: Failed lookup for key [name] in <URLResolver <URLPattern list> (admin:admin) 'admin/'>
[20/Nov/2021 21:05:13] DEBUG [django.template:873] Exception while resolving variable 'name' in template 'unknown'.
Traceback (most recent call last):
  File "C:\Users\user\PycharmProjects\Industry_Academy\venv\lib\site-packages\django\core\handlers\exception.py", line 47, in inner
    response = get_response(request)
  File "C:\Users\user\PycharmProjects\Industry_Academy\venv\lib\site-packages\django\core\handlers\base.py", line 167, in _get_response
    callback, callback_args, callback_kwargs = self.resolve_request(request)
  File "C:\Users\user\PycharmProjects\Industry_Academy\venv\lib\site-packages\django\core\handlers\base.py", line 290, in resolve_request
    resolver_match = resolver.resolve(request.path_info)
  File "C:\Users\user\PycharmProjects\Industry_Academy\venv\lib\site-packages\django\urls\resolvers.py", line 585, in resolve
    raise Resolver404({'tried': tried, 'path': new_path})
django.urls.exceptions.Resolver404: {'tried': [[<URLResolver <URLPattern list> (admin:admin) 'admin/'>], [<URLPattern '' [name='index']>], [<URLPattern 'logout/' [name='logout']>], [<URLPattern 'change_password/' [name='change_password']>], [<URLResolver <module 'company.urls' from 'C:\\Users\\user\\PycharmProjects\\Industry_Academy\\company\\urls.py'> (None:None) 'company/'>], [<URLResolver <module 'manager.urls' from 'C:\\Users\\user\\PycharmProjects\\Industry_Academy\\manager\\urls.py'> (None:None) 'manager/'>], [<URLPattern '^media\/(?P<path>.*)$'>]], 'path': 'system/manager/createUser'}

During handling of the above exception, another exception occurred:

Traceback (most recent call last):
  File "C:\Users\user\PycharmProjects\Industry_Academy\venv\lib\site-packages\django\template\base.py", line 829, in _resolve_lookup
    current = current[bit]
TypeError: 'URLResolver' object is not subscriptable

During handling of the above exception, another exception occurred:

Traceback (most recent call last):
  File "C:\Users\user\PycharmProjects\Industry_Academy\venv\lib\site-packages\django\template\base.py", line 837, in _resolve_lookup
    current = getattr(current, bit)
AttributeError: 'URLResolver' object has no attribute 'name'

During handling of the above exception, another exception occurred:

Traceback (most recent call last):
  File "C:\Users\user\PycharmProjects\Industry_Academy\venv\lib\site-packages\django\template\base.py", line 843, in _resolve_lookup
    current = current[int(bit)]
ValueError: invalid literal for int() with base 10: 'name'

During handling of the above exception, another exception occurred:

Traceback (most recent call last):
  File "C:\Users\user\PycharmProjects\Industry_Academy\venv\lib\site-packages\django\template\base.py", line 850, in _resolve_lookup
    (bit, current))  # missing attribute
django.template.base.VariableDoesNotExist: Failed lookup for key [name] in <URLResolver <module 'company.urls' from 'C:\\Users\\user\\PycharmProjects\\Industry_Academy\\company\\urls.py'> (None:None) 'company/'>
[20/Nov/2021 21:05:13] DEBUG [django.template:873] Exception while resolving variable 'name' in template 'unknown'.
Traceback (most recent call last):
  File "C:\Users\user\PycharmProjects\Industry_Academy\venv\lib\site-packages\django\core\handlers\exception.py", line 47, in inner
    response = get_response(request)
  File "C:\Users\user\PycharmProjects\Industry_Academy\venv\lib\site-packages\django\core\handlers\base.py", line 167, in _get_response
    callback, callback_args, callback_kwargs = self.resolve_request(request)
  File "C:\Users\user\PycharmProjects\Industry_Academy\venv\lib\site-packages\django\core\handlers\base.py", line 290, in resolve_request
    resolver_match = resolver.resolve(request.path_info)
  File "C:\Users\user\PycharmProjects\Industry_Academy\venv\lib\site-packages\django\urls\resolvers.py", line 585, in resolve
    raise Resolver404({'tried': tried, 'path': new_path})
django.urls.exceptions.Resolver404: {'tried': [[<URLResolver <URLPattern list> (admin:admin) 'admin/'>], [<URLPattern '' [name='index']>], [<URLPattern 'logout/' [name='logout']>], [<URLPattern 'change_password/' [name='change_password']>], [<URLResolver <module 'company.urls' from 'C:\\Users\\user\\PycharmProjects\\Industry_Academy\\company\\urls.py'> (None:None) 'company/'>], [<URLResolver <module 'manager.urls' from 'C:\\Users\\user\\PycharmProjects\\Industry_Academy\\manager\\urls.py'> (None:None) 'manager/'>], [<URLPattern '^media\/(?P<path>.*)$'>]], 'path': 'system/manager/createUser'}

During handling of the above exception, another exception occurred:

Traceback (most recent call last):
  File "C:\Users\user\PycharmProjects\Industry_Academy\venv\lib\site-packages\django\template\base.py", line 829, in _resolve_lookup
    current = current[bit]
TypeError: 'URLResolver' object is not subscriptable

During handling of the above exception, another exception occurred:

Traceback (most recent call last):
  File "C:\Users\user\PycharmProjects\Industry_Academy\venv\lib\site-packages\django\template\base.py", line 837, in _resolve_lookup
    current = getattr(current, bit)
AttributeError: 'URLResolver' object has no attribute 'name'

During handling of the above exception, another exception occurred:

Traceback (most recent call last):
  File "C:\Users\user\PycharmProjects\Industry_Academy\venv\lib\site-packages\django\template\base.py", line 843, in _resolve_lookup
    current = current[int(bit)]
ValueError: invalid literal for int() with base 10: 'name'

During handling of the above exception, another exception occurred:

Traceback (most recent call last):
  File "C:\Users\user\PycharmProjects\Industry_Academy\venv\lib\site-packages\django\template\base.py", line 850, in _resolve_lookup
    (bit, current))  # missing attribute
django.template.base.VariableDoesNotExist: Failed lookup for key [name] in <URLResolver <module 'manager.urls' from 'C:\\Users\\user\\PycharmProjects\\Industry_Academy\\manager\\urls.py'> (None:None) 'manager/'>
[20/Nov/2021 21:14:42] DEBUG [django.template:873] Exception while resolving variable 'name' in template 'unknown'.
Traceback (most recent call last):
  File "C:\Users\user\PycharmProjects\Industry_Academy\venv\lib\site-packages\django\core\handlers\exception.py", line 47, in inner
    response = get_response(request)
  File "C:\Users\user\PycharmProjects\Industry_Academy\venv\lib\site-packages\django\core\handlers\base.py", line 167, in _get_response
    callback, callback_args, callback_kwargs = self.resolve_request(request)
  File "C:\Users\user\PycharmProjects\Industry_Academy\venv\lib\site-packages\django\core\handlers\base.py", line 290, in resolve_request
    resolver_match = resolver.resolve(request.path_info)
  File "C:\Users\user\PycharmProjects\Industry_Academy\venv\lib\site-packages\django\urls\resolvers.py", line 585, in resolve
    raise Resolver404({'tried': tried, 'path': new_path})
django.urls.exceptions.Resolver404: {'tried': [[<URLResolver <URLPattern list> (admin:admin) 'admin/'>], [<URLPattern '' [name='index']>], [<URLPattern 'logout/' [name='logout']>], [<URLPattern 'change_password/' [name='change_password']>], [<URLResolver <module 'company.urls' from 'C:\\Users\\user\\PycharmProjects\\Industry_Academy\\company\\urls.py'> (None:None) 'company/'>], [<URLResolver <module 'manager.urls' from 'C:\\Users\\user\\PycharmProjects\\Industry_Academy\\manager\\urls.py'> (None:None) 'manager/'>], [<URLPattern '^media\/(?P<path>.*)$'>]], 'path': 'post'}

During handling of the above exception, another exception occurred:

Traceback (most recent call last):
  File "C:\Users\user\PycharmProjects\Industry_Academy\venv\lib\site-packages\django\template\base.py", line 829, in _resolve_lookup
    current = current[bit]
TypeError: 'URLResolver' object is not subscriptable

During handling of the above exception, another exception occurred:

Traceback (most recent call last):
  File "C:\Users\user\PycharmProjects\Industry_Academy\venv\lib\site-packages\django\template\base.py", line 837, in _resolve_lookup
    current = getattr(current, bit)
AttributeError: 'URLResolver' object has no attribute 'name'

During handling of the above exception, another exception occurred:

Traceback (most recent call last):
  File "C:\Users\user\PycharmProjects\Industry_Academy\venv\lib\site-packages\django\template\base.py", line 843, in _resolve_lookup
    current = current[int(bit)]
ValueError: invalid literal for int() with base 10: 'name'

During handling of the above exception, another exception occurred:

Traceback (most recent call last):
  File "C:\Users\user\PycharmProjects\Industry_Academy\venv\lib\site-packages\django\template\base.py", line 850, in _resolve_lookup
    (bit, current))  # missing attribute
django.template.base.VariableDoesNotExist: Failed lookup for key [name] in <URLResolver <URLPattern list> (admin:admin) 'admin/'>
[20/Nov/2021 21:14:42] DEBUG [django.template:873] Exception while resolving variable 'name' in template 'unknown'.
Traceback (most recent call last):
  File "C:\Users\user\PycharmProjects\Industry_Academy\venv\lib\site-packages\django\core\handlers\exception.py", line 47, in inner
    response = get_response(request)
  File "C:\Users\user\PycharmProjects\Industry_Academy\venv\lib\site-packages\django\core\handlers\base.py", line 167, in _get_response
    callback, callback_args, callback_kwargs = self.resolve_request(request)
  File "C:\Users\user\PycharmProjects\Industry_Academy\venv\lib\site-packages\django\core\handlers\base.py", line 290, in resolve_request
    resolver_match = resolver.resolve(request.path_info)
  File "C:\Users\user\PycharmProjects\Industry_Academy\venv\lib\site-packages\django\urls\resolvers.py", line 585, in resolve
    raise Resolver404({'tried': tried, 'path': new_path})
django.urls.exceptions.Resolver404: {'tried': [[<URLResolver <URLPattern list> (admin:admin) 'admin/'>], [<URLPattern '' [name='index']>], [<URLPattern 'logout/' [name='logout']>], [<URLPattern 'change_password/' [name='change_password']>], [<URLResolver <module 'company.urls' from 'C:\\Users\\user\\PycharmProjects\\Industry_Academy\\company\\urls.py'> (None:None) 'company/'>], [<URLResolver <module 'manager.urls' from 'C:\\Users\\user\\PycharmProjects\\Industry_Academy\\manager\\urls.py'> (None:None) 'manager/'>], [<URLPattern '^media\/(?P<path>.*)$'>]], 'path': 'post'}

During handling of the above exception, another exception occurred:

Traceback (most recent call last):
  File "C:\Users\user\PycharmProjects\Industry_Academy\venv\lib\site-packages\django\template\base.py", line 829, in _resolve_lookup
    current = current[bit]
TypeError: 'URLResolver' object is not subscriptable

During handling of the above exception, another exception occurred:

Traceback (most recent call last):
  File "C:\Users\user\PycharmProjects\Industry_Academy\venv\lib\site-packages\django\template\base.py", line 837, in _resolve_lookup
    current = getattr(current, bit)
AttributeError: 'URLResolver' object has no attribute 'name'

During handling of the above exception, another exception occurred:

Traceback (most recent call last):
  File "C:\Users\user\PycharmProjects\Industry_Academy\venv\lib\site-packages\django\template\base.py", line 843, in _resolve_lookup
    current = current[int(bit)]
ValueError: invalid literal for int() with base 10: 'name'

During handling of the above exception, another exception occurred:

Traceback (most recent call last):
  File "C:\Users\user\PycharmProjects\Industry_Academy\venv\lib\site-packages\django\template\base.py", line 850, in _resolve_lookup
    (bit, current))  # missing attribute
django.template.base.VariableDoesNotExist: Failed lookup for key [name] in <URLResolver <module 'company.urls' from 'C:\\Users\\user\\PycharmProjects\\Industry_Academy\\company\\urls.py'> (None:None) 'company/'>
[20/Nov/2021 21:14:42] DEBUG [django.template:873] Exception while resolving variable 'name' in template 'unknown'.
Traceback (most recent call last):
  File "C:\Users\user\PycharmProjects\Industry_Academy\venv\lib\site-packages\django\core\handlers\exception.py", line 47, in inner
    response = get_response(request)
  File "C:\Users\user\PycharmProjects\Industry_Academy\venv\lib\site-packages\django\core\handlers\base.py", line 167, in _get_response
    callback, callback_args, callback_kwargs = self.resolve_request(request)
  File "C:\Users\user\PycharmProjects\Industry_Academy\venv\lib\site-packages\django\core\handlers\base.py", line 290, in resolve_request
    resolver_match = resolver.resolve(request.path_info)
  File "C:\Users\user\PycharmProjects\Industry_Academy\venv\lib\site-packages\django\urls\resolvers.py", line 585, in resolve
    raise Resolver404({'tried': tried, 'path': new_path})
django.urls.exceptions.Resolver404: {'tried': [[<URLResolver <URLPattern list> (admin:admin) 'admin/'>], [<URLPattern '' [name='index']>], [<URLPattern 'logout/' [name='logout']>], [<URLPattern 'change_password/' [name='change_password']>], [<URLResolver <module 'company.urls' from 'C:\\Users\\user\\PycharmProjects\\Industry_Academy\\company\\urls.py'> (None:None) 'company/'>], [<URLResolver <module 'manager.urls' from 'C:\\Users\\user\\PycharmProjects\\Industry_Academy\\manager\\urls.py'> (None:None) 'manager/'>], [<URLPattern '^media\/(?P<path>.*)$'>]], 'path': 'post'}

During handling of the above exception, another exception occurred:

Traceback (most recent call last):
  File "C:\Users\user\PycharmProjects\Industry_Academy\venv\lib\site-packages\django\template\base.py", line 829, in _resolve_lookup
    current = current[bit]
TypeError: 'URLResolver' object is not subscriptable

During handling of the above exception, another exception occurred:

Traceback (most recent call last):
  File "C:\Users\user\PycharmProjects\Industry_Academy\venv\lib\site-packages\django\template\base.py", line 837, in _resolve_lookup
    current = getattr(current, bit)
AttributeError: 'URLResolver' object has no attribute 'name'

During handling of the above exception, another exception occurred:

Traceback (most recent call last):
  File "C:\Users\user\PycharmProjects\Industry_Academy\venv\lib\site-packages\django\template\base.py", line 843, in _resolve_lookup
    current = current[int(bit)]
ValueError: invalid literal for int() with base 10: 'name'

During handling of the above exception, another exception occurred:

Traceback (most recent call last):
  File "C:\Users\user\PycharmProjects\Industry_Academy\venv\lib\site-packages\django\template\base.py", line 850, in _resolve_lookup
    (bit, current))  # missing attribute
django.template.base.VariableDoesNotExist: Failed lookup for key [name] in <URLResolver <module 'manager.urls' from 'C:\\Users\\user\\PycharmProjects\\Industry_Academy\\manager\\urls.py'> (None:None) 'manager/'>
[20/Nov/2021 22:09:17] DEBUG [django.template:873] Exception while resolving variable 'name' in template 'unknown'.
Traceback (most recent call last):
  File "C:\Users\user\PycharmProjects\Industry_Academy\venv\lib\site-packages\django\core\handlers\exception.py", line 47, in inner
    response = get_response(request)
  File "C:\Users\user\PycharmProjects\Industry_Academy\venv\lib\site-packages\django\core\handlers\base.py", line 167, in _get_response
    callback, callback_args, callback_kwargs = self.resolve_request(request)
  File "C:\Users\user\PycharmProjects\Industry_Academy\venv\lib\site-packages\django\core\handlers\base.py", line 290, in resolve_request
    resolver_match = resolver.resolve(request.path_info)
  File "C:\Users\user\PycharmProjects\Industry_Academy\venv\lib\site-packages\django\urls\resolvers.py", line 585, in resolve
    raise Resolver404({'tried': tried, 'path': new_path})
django.urls.exceptions.Resolver404: {'tried': [[<URLResolver <URLPattern list> (admin:admin) 'admin/'>], [<URLPattern '' [name='index']>], [<URLPattern 'logout/' [name='logout']>], [<URLPattern 'change_password/' [name='change_password']>], [<URLResolver <module 'company.urls' from 'C:\\Users\\user\\PycharmProjects\\Industry_Academy\\company\\urls.py'> (None:None) 'company/'>], [<URLResolver <module 'manager.urls' from 'C:\\Users\\user\\PycharmProjects\\Industry_Academy\\manager\\urls.py'> (None:None) 'manager/'>], [<URLResolver <module 'tutor.urls' from 'C:\\Users\\user\\PycharmProjects\\Industry_Academy\\tutor\\urls.py'> (None:None) 'tutor/'>], [<URLPattern '^media\/(?P<path>.*)$'>]], 'path': 'system'}

During handling of the above exception, another exception occurred:

Traceback (most recent call last):
  File "C:\Users\user\PycharmProjects\Industry_Academy\venv\lib\site-packages\django\template\base.py", line 829, in _resolve_lookup
    current = current[bit]
TypeError: 'URLResolver' object is not subscriptable

During handling of the above exception, another exception occurred:

Traceback (most recent call last):
  File "C:\Users\user\PycharmProjects\Industry_Academy\venv\lib\site-packages\django\template\base.py", line 837, in _resolve_lookup
    current = getattr(current, bit)
AttributeError: 'URLResolver' object has no attribute 'name'

During handling of the above exception, another exception occurred:

Traceback (most recent call last):
  File "C:\Users\user\PycharmProjects\Industry_Academy\venv\lib\site-packages\django\template\base.py", line 843, in _resolve_lookup
    current = current[int(bit)]
ValueError: invalid literal for int() with base 10: 'name'

During handling of the above exception, another exception occurred:

Traceback (most recent call last):
  File "C:\Users\user\PycharmProjects\Industry_Academy\venv\lib\site-packages\django\template\base.py", line 850, in _resolve_lookup
    (bit, current))  # missing attribute
django.template.base.VariableDoesNotExist: Failed lookup for key [name] in <URLResolver <URLPattern list> (admin:admin) 'admin/'>
[20/Nov/2021 22:09:17] DEBUG [django.template:873] Exception while resolving variable 'name' in template 'unknown'.
Traceback (most recent call last):
  File "C:\Users\user\PycharmProjects\Industry_Academy\venv\lib\site-packages\django\core\handlers\exception.py", line 47, in inner
    response = get_response(request)
  File "C:\Users\user\PycharmProjects\Industry_Academy\venv\lib\site-packages\django\core\handlers\base.py", line 167, in _get_response
    callback, callback_args, callback_kwargs = self.resolve_request(request)
  File "C:\Users\user\PycharmProjects\Industry_Academy\venv\lib\site-packages\django\core\handlers\base.py", line 290, in resolve_request
    resolver_match = resolver.resolve(request.path_info)
  File "C:\Users\user\PycharmProjects\Industry_Academy\venv\lib\site-packages\django\urls\resolvers.py", line 585, in resolve
    raise Resolver404({'tried': tried, 'path': new_path})
django.urls.exceptions.Resolver404: {'tried': [[<URLResolver <URLPattern list> (admin:admin) 'admin/'>], [<URLPattern '' [name='index']>], [<URLPattern 'logout/' [name='logout']>], [<URLPattern 'change_password/' [name='change_password']>], [<URLResolver <module 'company.urls' from 'C:\\Users\\user\\PycharmProjects\\Industry_Academy\\company\\urls.py'> (None:None) 'company/'>], [<URLResolver <module 'manager.urls' from 'C:\\Users\\user\\PycharmProjects\\Industry_Academy\\manager\\urls.py'> (None:None) 'manager/'>], [<URLResolver <module 'tutor.urls' from 'C:\\Users\\user\\PycharmProjects\\Industry_Academy\\tutor\\urls.py'> (None:None) 'tutor/'>], [<URLPattern '^media\/(?P<path>.*)$'>]], 'path': 'system'}

During handling of the above exception, another exception occurred:

Traceback (most recent call last):
  File "C:\Users\user\PycharmProjects\Industry_Academy\venv\lib\site-packages\django\template\base.py", line 829, in _resolve_lookup
    current = current[bit]
TypeError: 'URLResolver' object is not subscriptable

During handling of the above exception, another exception occurred:

Traceback (most recent call last):
  File "C:\Users\user\PycharmProjects\Industry_Academy\venv\lib\site-packages\django\template\base.py", line 837, in _resolve_lookup
    current = getattr(current, bit)
AttributeError: 'URLResolver' object has no attribute 'name'

During handling of the above exception, another exception occurred:

Traceback (most recent call last):
  File "C:\Users\user\PycharmProjects\Industry_Academy\venv\lib\site-packages\django\template\base.py", line 843, in _resolve_lookup
    current = current[int(bit)]
ValueError: invalid literal for int() with base 10: 'name'

During handling of the above exception, another exception occurred:

Traceback (most recent call last):
  File "C:\Users\user\PycharmProjects\Industry_Academy\venv\lib\site-packages\django\template\base.py", line 850, in _resolve_lookup
    (bit, current))  # missing attribute
django.template.base.VariableDoesNotExist: Failed lookup for key [name] in <URLResolver <module 'company.urls' from 'C:\\Users\\user\\PycharmProjects\\Industry_Academy\\company\\urls.py'> (None:None) 'company/'>
[20/Nov/2021 22:09:17] DEBUG [django.template:873] Exception while resolving variable 'name' in template 'unknown'.
Traceback (most recent call last):
  File "C:\Users\user\PycharmProjects\Industry_Academy\venv\lib\site-packages\django\core\handlers\exception.py", line 47, in inner
    response = get_response(request)
  File "C:\Users\user\PycharmProjects\Industry_Academy\venv\lib\site-packages\django\core\handlers\base.py", line 167, in _get_response
    callback, callback_args, callback_kwargs = self.resolve_request(request)
  File "C:\Users\user\PycharmProjects\Industry_Academy\venv\lib\site-packages\django\core\handlers\base.py", line 290, in resolve_request
    resolver_match = resolver.resolve(request.path_info)
  File "C:\Users\user\PycharmProjects\Industry_Academy\venv\lib\site-packages\django\urls\resolvers.py", line 585, in resolve
    raise Resolver404({'tried': tried, 'path': new_path})
django.urls.exceptions.Resolver404: {'tried': [[<URLResolver <URLPattern list> (admin:admin) 'admin/'>], [<URLPattern '' [name='index']>], [<URLPattern 'logout/' [name='logout']>], [<URLPattern 'change_password/' [name='change_password']>], [<URLResolver <module 'company.urls' from 'C:\\Users\\user\\PycharmProjects\\Industry_Academy\\company\\urls.py'> (None:None) 'company/'>], [<URLResolver <module 'manager.urls' from 'C:\\Users\\user\\PycharmProjects\\Industry_Academy\\manager\\urls.py'> (None:None) 'manager/'>], [<URLResolver <module 'tutor.urls' from 'C:\\Users\\user\\PycharmProjects\\Industry_Academy\\tutor\\urls.py'> (None:None) 'tutor/'>], [<URLPattern '^media\/(?P<path>.*)$'>]], 'path': 'system'}

During handling of the above exception, another exception occurred:

Traceback (most recent call last):
  File "C:\Users\user\PycharmProjects\Industry_Academy\venv\lib\site-packages\django\template\base.py", line 829, in _resolve_lookup
    current = current[bit]
TypeError: 'URLResolver' object is not subscriptable

During handling of the above exception, another exception occurred:

Traceback (most recent call last):
  File "C:\Users\user\PycharmProjects\Industry_Academy\venv\lib\site-packages\django\template\base.py", line 837, in _resolve_lookup
    current = getattr(current, bit)
AttributeError: 'URLResolver' object has no attribute 'name'

During handling of the above exception, another exception occurred:

Traceback (most recent call last):
  File "C:\Users\user\PycharmProjects\Industry_Academy\venv\lib\site-packages\django\template\base.py", line 843, in _resolve_lookup
    current = current[int(bit)]
ValueError: invalid literal for int() with base 10: 'name'

During handling of the above exception, another exception occurred:

Traceback (most recent call last):
  File "C:\Users\user\PycharmProjects\Industry_Academy\venv\lib\site-packages\django\template\base.py", line 850, in _resolve_lookup
    (bit, current))  # missing attribute
django.template.base.VariableDoesNotExist: Failed lookup for key [name] in <URLResolver <module 'manager.urls' from 'C:\\Users\\user\\PycharmProjects\\Industry_Academy\\manager\\urls.py'> (None:None) 'manager/'>
[20/Nov/2021 22:09:17] DEBUG [django.template:873] Exception while resolving variable 'name' in template 'unknown'.
Traceback (most recent call last):
  File "C:\Users\user\PycharmProjects\Industry_Academy\venv\lib\site-packages\django\core\handlers\exception.py", line 47, in inner
    response = get_response(request)
  File "C:\Users\user\PycharmProjects\Industry_Academy\venv\lib\site-packages\django\core\handlers\base.py", line 167, in _get_response
    callback, callback_args, callback_kwargs = self.resolve_request(request)
  File "C:\Users\user\PycharmProjects\Industry_Academy\venv\lib\site-packages\django\core\handlers\base.py", line 290, in resolve_request
    resolver_match = resolver.resolve(request.path_info)
  File "C:\Users\user\PycharmProjects\Industry_Academy\venv\lib\site-packages\django\urls\resolvers.py", line 585, in resolve
    raise Resolver404({'tried': tried, 'path': new_path})
django.urls.exceptions.Resolver404: {'tried': [[<URLResolver <URLPattern list> (admin:admin) 'admin/'>], [<URLPattern '' [name='index']>], [<URLPattern 'logout/' [name='logout']>], [<URLPattern 'change_password/' [name='change_password']>], [<URLResolver <module 'company.urls' from 'C:\\Users\\user\\PycharmProjects\\Industry_Academy\\company\\urls.py'> (None:None) 'company/'>], [<URLResolver <module 'manager.urls' from 'C:\\Users\\user\\PycharmProjects\\Industry_Academy\\manager\\urls.py'> (None:None) 'manager/'>], [<URLResolver <module 'tutor.urls' from 'C:\\Users\\user\\PycharmProjects\\Industry_Academy\\tutor\\urls.py'> (None:None) 'tutor/'>], [<URLPattern '^media\/(?P<path>.*)$'>]], 'path': 'system'}

During handling of the above exception, another exception occurred:

Traceback (most recent call last):
  File "C:\Users\user\PycharmProjects\Industry_Academy\venv\lib\site-packages\django\template\base.py", line 829, in _resolve_lookup
    current = current[bit]
TypeError: 'URLResolver' object is not subscriptable

During handling of the above exception, another exception occurred:

Traceback (most recent call last):
  File "C:\Users\user\PycharmProjects\Industry_Academy\venv\lib\site-packages\django\template\base.py", line 837, in _resolve_lookup
    current = getattr(current, bit)
AttributeError: 'URLResolver' object has no attribute 'name'

During handling of the above exception, another exception occurred:

Traceback (most recent call last):
  File "C:\Users\user\PycharmProjects\Industry_Academy\venv\lib\site-packages\django\template\base.py", line 843, in _resolve_lookup
    current = current[int(bit)]
ValueError: invalid literal for int() with base 10: 'name'

During handling of the above exception, another exception occurred:

Traceback (most recent call last):
  File "C:\Users\user\PycharmProjects\Industry_Academy\venv\lib\site-packages\django\template\base.py", line 850, in _resolve_lookup
    (bit, current))  # missing attribute
django.template.base.VariableDoesNotExist: Failed lookup for key [name] in <URLResolver <module 'tutor.urls' from 'C:\\Users\\user\\PycharmProjects\\Industry_Academy\\tutor\\urls.py'> (None:None) 'tutor/'>
[20/Nov/2021 22:09:29] DEBUG [django.template:873] Exception while resolving variable 'name' in template 'unknown'.
Traceback (most recent call last):
  File "C:\Users\user\PycharmProjects\Industry_Academy\venv\lib\site-packages\django\core\handlers\exception.py", line 47, in inner
    response = get_response(request)
  File "C:\Users\user\PycharmProjects\Industry_Academy\venv\lib\site-packages\django\core\handlers\base.py", line 167, in _get_response
    callback, callback_args, callback_kwargs = self.resolve_request(request)
  File "C:\Users\user\PycharmProjects\Industry_Academy\venv\lib\site-packages\django\core\handlers\base.py", line 290, in resolve_request
    resolver_match = resolver.resolve(request.path_info)
  File "C:\Users\user\PycharmProjects\Industry_Academy\venv\lib\site-packages\django\urls\resolvers.py", line 585, in resolve
    raise Resolver404({'tried': tried, 'path': new_path})
django.urls.exceptions.Resolver404: {'tried': [[<URLResolver <URLPattern list> (admin:admin) 'admin/'>], [<URLPattern '' [name='index']>], [<URLPattern 'logout/' [name='logout']>], [<URLPattern 'change_password/' [name='change_password']>], [<URLResolver <module 'company.urls' from 'C:\\Users\\user\\PycharmProjects\\Industry_Academy\\company\\urls.py'> (None:None) 'company/'>], [<URLResolver <module 'manager.urls' from 'C:\\Users\\user\\PycharmProjects\\Industry_Academy\\manager\\urls.py'> (None:None) 'manager/'>], [<URLResolver <module 'tutor.urls' from 'C:\\Users\\user\\PycharmProjects\\Industry_Academy\\tutor\\urls.py'> (None:None) 'tutor/'>], [<URLPattern '^media\/(?P<path>.*)$'>]], 'path': 'post'}

During handling of the above exception, another exception occurred:

Traceback (most recent call last):
  File "C:\Users\user\PycharmProjects\Industry_Academy\venv\lib\site-packages\django\template\base.py", line 829, in _resolve_lookup
    current = current[bit]
TypeError: 'URLResolver' object is not subscriptable

During handling of the above exception, another exception occurred:

Traceback (most recent call last):
  File "C:\Users\user\PycharmProjects\Industry_Academy\venv\lib\site-packages\django\template\base.py", line 837, in _resolve_lookup
    current = getattr(current, bit)
AttributeError: 'URLResolver' object has no attribute 'name'

During handling of the above exception, another exception occurred:

Traceback (most recent call last):
  File "C:\Users\user\PycharmProjects\Industry_Academy\venv\lib\site-packages\django\template\base.py", line 843, in _resolve_lookup
    current = current[int(bit)]
ValueError: invalid literal for int() with base 10: 'name'

During handling of the above exception, another exception occurred:

Traceback (most recent call last):
  File "C:\Users\user\PycharmProjects\Industry_Academy\venv\lib\site-packages\django\template\base.py", line 850, in _resolve_lookup
    (bit, current))  # missing attribute
django.template.base.VariableDoesNotExist: Failed lookup for key [name] in <URLResolver <URLPattern list> (admin:admin) 'admin/'>
[20/Nov/2021 22:09:29] DEBUG [django.template:873] Exception while resolving variable 'name' in template 'unknown'.
Traceback (most recent call last):
  File "C:\Users\user\PycharmProjects\Industry_Academy\venv\lib\site-packages\django\core\handlers\exception.py", line 47, in inner
    response = get_response(request)
  File "C:\Users\user\PycharmProjects\Industry_Academy\venv\lib\site-packages\django\core\handlers\base.py", line 167, in _get_response
    callback, callback_args, callback_kwargs = self.resolve_request(request)
  File "C:\Users\user\PycharmProjects\Industry_Academy\venv\lib\site-packages\django\core\handlers\base.py", line 290, in resolve_request
    resolver_match = resolver.resolve(request.path_info)
  File "C:\Users\user\PycharmProjects\Industry_Academy\venv\lib\site-packages\django\urls\resolvers.py", line 585, in resolve
    raise Resolver404({'tried': tried, 'path': new_path})
django.urls.exceptions.Resolver404: {'tried': [[<URLResolver <URLPattern list> (admin:admin) 'admin/'>], [<URLPattern '' [name='index']>], [<URLPattern 'logout/' [name='logout']>], [<URLPattern 'change_password/' [name='change_password']>], [<URLResolver <module 'company.urls' from 'C:\\Users\\user\\PycharmProjects\\Industry_Academy\\company\\urls.py'> (None:None) 'company/'>], [<URLResolver <module 'manager.urls' from 'C:\\Users\\user\\PycharmProjects\\Industry_Academy\\manager\\urls.py'> (None:None) 'manager/'>], [<URLResolver <module 'tutor.urls' from 'C:\\Users\\user\\PycharmProjects\\Industry_Academy\\tutor\\urls.py'> (None:None) 'tutor/'>], [<URLPattern '^media\/(?P<path>.*)$'>]], 'path': 'post'}

During handling of the above exception, another exception occurred:

Traceback (most recent call last):
  File "C:\Users\user\PycharmProjects\Industry_Academy\venv\lib\site-packages\django\template\base.py", line 829, in _resolve_lookup
    current = current[bit]
TypeError: 'URLResolver' object is not subscriptable

During handling of the above exception, another exception occurred:

Traceback (most recent call last):
  File "C:\Users\user\PycharmProjects\Industry_Academy\venv\lib\site-packages\django\template\base.py", line 837, in _resolve_lookup
    current = getattr(current, bit)
AttributeError: 'URLResolver' object has no attribute 'name'

During handling of the above exception, another exception occurred:

Traceback (most recent call last):
  File "C:\Users\user\PycharmProjects\Industry_Academy\venv\lib\site-packages\django\template\base.py", line 843, in _resolve_lookup
    current = current[int(bit)]
ValueError: invalid literal for int() with base 10: 'name'

During handling of the above exception, another exception occurred:

Traceback (most recent call last):
  File "C:\Users\user\PycharmProjects\Industry_Academy\venv\lib\site-packages\django\template\base.py", line 850, in _resolve_lookup
    (bit, current))  # missing attribute
django.template.base.VariableDoesNotExist: Failed lookup for key [name] in <URLResolver <module 'company.urls' from 'C:\\Users\\user\\PycharmProjects\\Industry_Academy\\company\\urls.py'> (None:None) 'company/'>
[20/Nov/2021 22:09:29] DEBUG [django.template:873] Exception while resolving variable 'name' in template 'unknown'.
Traceback (most recent call last):
  File "C:\Users\user\PycharmProjects\Industry_Academy\venv\lib\site-packages\django\core\handlers\exception.py", line 47, in inner
    response = get_response(request)
  File "C:\Users\user\PycharmProjects\Industry_Academy\venv\lib\site-packages\django\core\handlers\base.py", line 167, in _get_response
    callback, callback_args, callback_kwargs = self.resolve_request(request)
  File "C:\Users\user\PycharmProjects\Industry_Academy\venv\lib\site-packages\django\core\handlers\base.py", line 290, in resolve_request
    resolver_match = resolver.resolve(request.path_info)
  File "C:\Users\user\PycharmProjects\Industry_Academy\venv\lib\site-packages\django\urls\resolvers.py", line 585, in resolve
    raise Resolver404({'tried': tried, 'path': new_path})
django.urls.exceptions.Resolver404: {'tried': [[<URLResolver <URLPattern list> (admin:admin) 'admin/'>], [<URLPattern '' [name='index']>], [<URLPattern 'logout/' [name='logout']>], [<URLPattern 'change_password/' [name='change_password']>], [<URLResolver <module 'company.urls' from 'C:\\Users\\user\\PycharmProjects\\Industry_Academy\\company\\urls.py'> (None:None) 'company/'>], [<URLResolver <module 'manager.urls' from 'C:\\Users\\user\\PycharmProjects\\Industry_Academy\\manager\\urls.py'> (None:None) 'manager/'>], [<URLResolver <module 'tutor.urls' from 'C:\\Users\\user\\PycharmProjects\\Industry_Academy\\tutor\\urls.py'> (None:None) 'tutor/'>], [<URLPattern '^media\/(?P<path>.*)$'>]], 'path': 'post'}

During handling of the above exception, another exception occurred:

Traceback (most recent call last):
  File "C:\Users\user\PycharmProjects\Industry_Academy\venv\lib\site-packages\django\template\base.py", line 829, in _resolve_lookup
    current = current[bit]
TypeError: 'URLResolver' object is not subscriptable

During handling of the above exception, another exception occurred:

Traceback (most recent call last):
  File "C:\Users\user\PycharmProjects\Industry_Academy\venv\lib\site-packages\django\template\base.py", line 837, in _resolve_lookup
    current = getattr(current, bit)
AttributeError: 'URLResolver' object has no attribute 'name'

During handling of the above exception, another exception occurred:

Traceback (most recent call last):
  File "C:\Users\user\PycharmProjects\Industry_Academy\venv\lib\site-packages\django\template\base.py", line 843, in _resolve_lookup
    current = current[int(bit)]
ValueError: invalid literal for int() with base 10: 'name'

During handling of the above exception, another exception occurred:

Traceback (most recent call last):
  File "C:\Users\user\PycharmProjects\Industry_Academy\venv\lib\site-packages\django\template\base.py", line 850, in _resolve_lookup
    (bit, current))  # missing attribute
django.template.base.VariableDoesNotExist: Failed lookup for key [name] in <URLResolver <module 'manager.urls' from 'C:\\Users\\user\\PycharmProjects\\Industry_Academy\\manager\\urls.py'> (None:None) 'manager/'>
[20/Nov/2021 22:09:29] DEBUG [django.template:873] Exception while resolving variable 'name' in template 'unknown'.
Traceback (most recent call last):
  File "C:\Users\user\PycharmProjects\Industry_Academy\venv\lib\site-packages\django\core\handlers\exception.py", line 47, in inner
    response = get_response(request)
  File "C:\Users\user\PycharmProjects\Industry_Academy\venv\lib\site-packages\django\core\handlers\base.py", line 167, in _get_response
    callback, callback_args, callback_kwargs = self.resolve_request(request)
  File "C:\Users\user\PycharmProjects\Industry_Academy\venv\lib\site-packages\django\core\handlers\base.py", line 290, in resolve_request
    resolver_match = resolver.resolve(request.path_info)
  File "C:\Users\user\PycharmProjects\Industry_Academy\venv\lib\site-packages\django\urls\resolvers.py", line 585, in resolve
    raise Resolver404({'tried': tried, 'path': new_path})
django.urls.exceptions.Resolver404: {'tried': [[<URLResolver <URLPattern list> (admin:admin) 'admin/'>], [<URLPattern '' [name='index']>], [<URLPattern 'logout/' [name='logout']>], [<URLPattern 'change_password/' [name='change_password']>], [<URLResolver <module 'company.urls' from 'C:\\Users\\user\\PycharmProjects\\Industry_Academy\\company\\urls.py'> (None:None) 'company/'>], [<URLResolver <module 'manager.urls' from 'C:\\Users\\user\\PycharmProjects\\Industry_Academy\\manager\\urls.py'> (None:None) 'manager/'>], [<URLResolver <module 'tutor.urls' from 'C:\\Users\\user\\PycharmProjects\\Industry_Academy\\tutor\\urls.py'> (None:None) 'tutor/'>], [<URLPattern '^media\/(?P<path>.*)$'>]], 'path': 'post'}

During handling of the above exception, another exception occurred:

Traceback (most recent call last):
  File "C:\Users\user\PycharmProjects\Industry_Academy\venv\lib\site-packages\django\template\base.py", line 829, in _resolve_lookup
    current = current[bit]
TypeError: 'URLResolver' object is not subscriptable

During handling of the above exception, another exception occurred:

Traceback (most recent call last):
  File "C:\Users\user\PycharmProjects\Industry_Academy\venv\lib\site-packages\django\template\base.py", line 837, in _resolve_lookup
    current = getattr(current, bit)
AttributeError: 'URLResolver' object has no attribute 'name'

During handling of the above exception, another exception occurred:

Traceback (most recent call last):
  File "C:\Users\user\PycharmProjects\Industry_Academy\venv\lib\site-packages\django\template\base.py", line 843, in _resolve_lookup
    current = current[int(bit)]
ValueError: invalid literal for int() with base 10: 'name'

During handling of the above exception, another exception occurred:

Traceback (most recent call last):
  File "C:\Users\user\PycharmProjects\Industry_Academy\venv\lib\site-packages\django\template\base.py", line 850, in _resolve_lookup
    (bit, current))  # missing attribute
django.template.base.VariableDoesNotExist: Failed lookup for key [name] in <URLResolver <module 'tutor.urls' from 'C:\\Users\\user\\PycharmProjects\\Industry_Academy\\tutor\\urls.py'> (None:None) 'tutor/'>
